This is pdfTeX, Version 3.1415926-1.40.10 (TeX Live 2009/Debian) (format=latex 2011.6.24)  24 JUN 2011 22:38
entering extended mode
 %&-line parsing enabled.
**api.tex
(./api.tex
LaTeX2e <2009/09/24>
Babel <v3.8l> and hyphenation patterns for english, usenglishmax, dumylang, noh
yphenation, loaded.
(/usr/share/texmf-texlive/tex/latex/base/article.cls
Document Class: article 2007/10/19 v1.4h Standard LaTeX document class
(/usr/share/texmf-texlive/tex/latex/base/size10.clo
File: size10.clo 2007/10/19 v1.4h Standard LaTeX file (size option)
)
\c@part=\count79
\c@section=\count80
\c@subsection=\count81
\c@subsubsection=\count82
\c@paragraph=\count83
\c@subparagraph=\count84
\c@figure=\count85
\c@table=\count86
\abovecaptionskip=\skip41
\belowcaptionskip=\skip42
\bibindent=\dimen102
)
(/usr/share/texmf-texlive/tex/latex/base/alltt.sty
Package: alltt 1997/06/16 v2.0g defines alltt environment
)
(/usr/share/texmf-texlive/tex/latex/ltxmisc/parskip.sty
Package: parskip 2001/04/09 non-zero parskip adjustments
)
(/usr/share/texmf-texlive/tex/latex/fancyhdr/fancyhdr.sty
\fancy@headwidth=\skip43
\f@ncyO@elh=\skip44
\f@ncyO@erh=\skip45
\f@ncyO@olh=\skip46
\f@ncyO@orh=\skip47
\f@ncyO@elf=\skip48
\f@ncyO@erf=\skip49
\f@ncyO@olf=\skip50
\f@ncyO@orf=\skip51
)
(/usr/share/texmf-texlive/tex/latex/ltxmisc/boxedminipage.sty)
(/usr/share/texmf-texlive/tex/latex/base/makeidx.sty
Package: makeidx 2000/03/29 v1.0m Standard LaTeX package
)
(/usr/share/texmf-texlive/tex/latex/multirow/multirow.sty
\bigstrutjot=\dimen103
)
(/usr/share/texmf-texlive/tex/latex/tools/longtable.sty
Package: longtable 2004/02/01 v4.11 Multi-page Table package (DPC)
\LTleft=\skip52
\LTright=\skip53
\LTpre=\skip54
\LTpost=\skip55
\LTchunksize=\count87
\LTcapwidth=\dimen104
\LT@head=\box26
\LT@firsthead=\box27
\LT@foot=\box28
\LT@lastfoot=\box29
\LT@cols=\count88
\LT@rows=\count89
\c@LT@tables=\count90
\c@LT@chunks=\count91
\LT@p@ftn=\toks14
)
(/usr/share/texmf-texlive/tex/latex/tocbibind/tocbibind.sty
Package: tocbibind 2009/09/04 v1.5i extra ToC listings


Package tocbibind Note: The document has section divisions.


Package tocbibind Note: Using section or other style headings.

) (/usr/share/texmf-texlive/tex/latex/amsfonts/amssymb.sty
Package: amssymb 2009/06/22 v3.00

(/usr/share/texmf-texlive/tex/latex/amsfonts/amsfonts.sty
Package: amsfonts 2009/06/22 v3.00 Basic AMSFonts support
\@emptytoks=\toks15
\symAMSa=\mathgroup4
\symAMSb=\mathgroup5
LaTeX Font Info:    Overwriting math alphabet `\mathfrak' in version `bold'
(Font)                  U/euf/m/n --> U/euf/b/n on input line 96.
))
(/usr/share/texmf-texlive/tex/latex/preprint/fullpage.sty
Package: fullpage 1999/02/23 1.1 (PWD)
\FP@margin=\skip56
)
(/usr/share/texmf-texlive/tex/latex/graphics/color.sty
Package: color 2005/11/14 v1.0j Standard LaTeX Color (DPC)

(/etc/texmf/tex/latex/config/color.cfg
File: color.cfg 2007/01/18 v1.5 color configuration of teTeX/TeXLive
)
Package color Info: Driver file: dvips.def on input line 130.

(/usr/share/texmf-texlive/tex/latex/graphics/dvips.def
File: dvips.def 1999/02/16 v3.0i Driver-dependant file (DPC,SPQR)
)
(/usr/share/texmf-texlive/tex/latex/graphics/dvipsnam.def
File: dvipsnam.def 1999/02/16 v3.0i Driver-dependant file (DPC,SPQR)
))
\BCL=\skip57
Package color Info: Redefining color py@inputcolour on input line 35.
\funcindent=\skip58
\funcwidth=\skip59
\varindent=\skip60
\varnamewidth=\skip61
\vardescrwidth=\skip62
\varwidth=\skip63

(/usr/share/texmf-texlive/tex/latex/base/inputenc.sty
Package: inputenc 2008/03/30 v1.1d Input encoding file
\inpenc@prehook=\toks16
\inpenc@posthook=\toks17

(/usr/share/texmf-texlive/tex/latex/base/utf8.def
File: utf8.def 2008/04/05 v1.1m UTF-8 support for inputenc
Now handling font encoding OML ...
... no UTF-8 mapping file for font encoding OML
Now handling font encoding T1 ...
... processing UTF-8 mapping file for font encoding T1

(/usr/share/texmf-texlive/tex/latex/base/t1enc.dfu
File: t1enc.dfu 2008/04/05 v1.1m UTF-8 support for inputenc
   defining Unicode char U+00A1 (decimal 161)
   defining Unicode char U+00A3 (decimal 163)
   defining Unicode char U+00AB (decimal 171)
   defining Unicode char U+00BB (decimal 187)
   defining Unicode char U+00BF (decimal 191)
   defining Unicode char U+00C0 (decimal 192)
   defining Unicode char U+00C1 (decimal 193)
   defining Unicode char U+00C2 (decimal 194)
   defining Unicode char U+00C3 (decimal 195)
   defining Unicode char U+00C4 (decimal 196)
   defining Unicode char U+00C5 (decimal 197)
   defining Unicode char U+00C6 (decimal 198)
   defining Unicode char U+00C7 (decimal 199)
   defining Unicode char U+00C8 (decimal 200)
   defining Unicode char U+00C9 (decimal 201)
   defining Unicode char U+00CA (decimal 202)
   defining Unicode char U+00CB (decimal 203)
   defining Unicode char U+00CC (decimal 204)
   defining Unicode char U+00CD (decimal 205)
   defining Unicode char U+00CE (decimal 206)
   defining Unicode char U+00CF (decimal 207)
   defining Unicode char U+00D0 (decimal 208)
   defining Unicode char U+00D1 (decimal 209)
   defining Unicode char U+00D2 (decimal 210)
   defining Unicode char U+00D3 (decimal 211)
   defining Unicode char U+00D4 (decimal 212)
   defining Unicode char U+00D5 (decimal 213)
   defining Unicode char U+00D6 (decimal 214)
   defining Unicode char U+00D8 (decimal 216)
   defining Unicode char U+00D9 (decimal 217)
   defining Unicode char U+00DA (decimal 218)
   defining Unicode char U+00DB (decimal 219)
   defining Unicode char U+00DC (decimal 220)
   defining Unicode char U+00DD (decimal 221)
   defining Unicode char U+00DE (decimal 222)
   defining Unicode char U+00DF (decimal 223)
   defining Unicode char U+00E0 (decimal 224)
   defining Unicode char U+00E1 (decimal 225)
   defining Unicode char U+00E2 (decimal 226)
   defining Unicode char U+00E3 (decimal 227)
   defining Unicode char U+00E4 (decimal 228)
   defining Unicode char U+00E5 (decimal 229)
   defining Unicode char U+00E6 (decimal 230)
   defining Unicode char U+00E7 (decimal 231)
   defining Unicode char U+00E8 (decimal 232)
   defining Unicode char U+00E9 (decimal 233)
   defining Unicode char U+00EA (decimal 234)
   defining Unicode char U+00EB (decimal 235)
   defining Unicode char U+00EC (decimal 236)
   defining Unicode char U+00ED (decimal 237)
   defining Unicode char U+00EE (decimal 238)
   defining Unicode char U+00EF (decimal 239)
   defining Unicode char U+00F0 (decimal 240)
   defining Unicode char U+00F1 (decimal 241)
   defining Unicode char U+00F2 (decimal 242)
   defining Unicode char U+00F3 (decimal 243)
   defining Unicode char U+00F4 (decimal 244)
   defining Unicode char U+00F5 (decimal 245)
   defining Unicode char U+00F6 (decimal 246)
   defining Unicode char U+00F8 (decimal 248)
   defining Unicode char U+00F9 (decimal 249)
   defining Unicode char U+00FA (decimal 250)
   defining Unicode char U+00FB (decimal 251)
   defining Unicode char U+00FC (decimal 252)
   defining Unicode char U+00FD (decimal 253)
   defining Unicode char U+00FE (decimal 254)
   defining Unicode char U+00FF (decimal 255)
   defining Unicode char U+0102 (decimal 258)
   defining Unicode char U+0103 (decimal 259)
   defining Unicode char U+0104 (decimal 260)
   defining Unicode char U+0105 (decimal 261)
   defining Unicode char U+0106 (decimal 262)
   defining Unicode char U+0107 (decimal 263)
   defining Unicode char U+010C (decimal 268)
   defining Unicode char U+010D (decimal 269)
   defining Unicode char U+010E (decimal 270)
   defining Unicode char U+010F (decimal 271)
   defining Unicode char U+0110 (decimal 272)
   defining Unicode char U+0111 (decimal 273)
   defining Unicode char U+0118 (decimal 280)
   defining Unicode char U+0119 (decimal 281)
   defining Unicode char U+011A (decimal 282)
   defining Unicode char U+011B (decimal 283)
   defining Unicode char U+011E (decimal 286)
   defining Unicode char U+011F (decimal 287)
   defining Unicode char U+0130 (decimal 304)
   defining Unicode char U+0131 (decimal 305)
   defining Unicode char U+0132 (decimal 306)
   defining Unicode char U+0133 (decimal 307)
   defining Unicode char U+0139 (decimal 313)
   defining Unicode char U+013A (decimal 314)
   defining Unicode char U+013D (decimal 317)
   defining Unicode char U+013E (decimal 318)
   defining Unicode char U+0141 (decimal 321)
   defining Unicode char U+0142 (decimal 322)
   defining Unicode char U+0143 (decimal 323)
   defining Unicode char U+0144 (decimal 324)
   defining Unicode char U+0147 (decimal 327)
   defining Unicode char U+0148 (decimal 328)
   defining Unicode char U+014A (decimal 330)
   defining Unicode char U+014B (decimal 331)
   defining Unicode char U+0150 (decimal 336)
   defining Unicode char U+0151 (decimal 337)
   defining Unicode char U+0152 (decimal 338)
   defining Unicode char U+0153 (decimal 339)
   defining Unicode char U+0154 (decimal 340)
   defining Unicode char U+0155 (decimal 341)
   defining Unicode char U+0158 (decimal 344)
   defining Unicode char U+0159 (decimal 345)
   defining Unicode char U+015A (decimal 346)
   defining Unicode char U+015B (decimal 347)
   defining Unicode char U+015E (decimal 350)
   defining Unicode char U+015F (decimal 351)
   defining Unicode char U+0160 (decimal 352)
   defining Unicode char U+0161 (decimal 353)
   defining Unicode char U+0162 (decimal 354)
   defining Unicode char U+0163 (decimal 355)
   defining Unicode char U+0164 (decimal 356)
   defining Unicode char U+0165 (decimal 357)
   defining Unicode char U+016E (decimal 366)
   defining Unicode char U+016F (decimal 367)
   defining Unicode char U+0170 (decimal 368)
   defining Unicode char U+0171 (decimal 369)
   defining Unicode char U+0178 (decimal 376)
   defining Unicode char U+0179 (decimal 377)
   defining Unicode char U+017A (decimal 378)
   defining Unicode char U+017B (decimal 379)
   defining Unicode char U+017C (decimal 380)
   defining Unicode char U+017D (decimal 381)
   defining Unicode char U+017E (decimal 382)
   defining Unicode char U+200C (decimal 8204)
   defining Unicode char U+2013 (decimal 8211)
   defining Unicode char U+2014 (decimal 8212)
   defining Unicode char U+2018 (decimal 8216)
   defining Unicode char U+2019 (decimal 8217)
   defining Unicode char U+201A (decimal 8218)
   defining Unicode char U+201C (decimal 8220)
   defining Unicode char U+201D (decimal 8221)
   defining Unicode char U+201E (decimal 8222)
   defining Unicode char U+2030 (decimal 8240)
   defining Unicode char U+2031 (decimal 8241)
   defining Unicode char U+2039 (decimal 8249)
   defining Unicode char U+203A (decimal 8250)
   defining Unicode char U+2423 (decimal 9251)
)
Now handling font encoding OT1 ...
... processing UTF-8 mapping file for font encoding OT1

(/usr/share/texmf-texlive/tex/latex/base/ot1enc.dfu
File: ot1enc.dfu 2008/04/05 v1.1m UTF-8 support for inputenc
   defining Unicode char U+00A1 (decimal 161)
   defining Unicode char U+00A3 (decimal 163)
   defining Unicode char U+00B8 (decimal 184)
   defining Unicode char U+00BF (decimal 191)
   defining Unicode char U+00C5 (decimal 197)
   defining Unicode char U+00C6 (decimal 198)
   defining Unicode char U+00D8 (decimal 216)
   defining Unicode char U+00DF (decimal 223)
   defining Unicode char U+00E6 (decimal 230)
   defining Unicode char U+00EC (decimal 236)
   defining Unicode char U+00ED (decimal 237)
   defining Unicode char U+00EE (decimal 238)
   defining Unicode char U+00EF (decimal 239)
   defining Unicode char U+00F8 (decimal 248)
   defining Unicode char U+0131 (decimal 305)
   defining Unicode char U+0141 (decimal 321)
   defining Unicode char U+0142 (decimal 322)
   defining Unicode char U+0152 (decimal 338)
   defining Unicode char U+0153 (decimal 339)
   defining Unicode char U+2013 (decimal 8211)
   defining Unicode char U+2014 (decimal 8212)
   defining Unicode char U+2018 (decimal 8216)
   defining Unicode char U+2019 (decimal 8217)
   defining Unicode char U+201C (decimal 8220)
   defining Unicode char U+201D (decimal 8221)
)
Now handling font encoding OMS ...
... processing UTF-8 mapping file for font encoding OMS

(/usr/share/texmf-texlive/tex/latex/base/omsenc.dfu
File: omsenc.dfu 2008/04/05 v1.1m UTF-8 support for inputenc
   defining Unicode char U+00A7 (decimal 167)
   defining Unicode char U+00B6 (decimal 182)
   defining Unicode char U+00B7 (decimal 183)
   defining Unicode char U+2020 (decimal 8224)
   defining Unicode char U+2021 (decimal 8225)
   defining Unicode char U+2022 (decimal 8226)
)
Now handling font encoding OMX ...
... no UTF-8 mapping file for font encoding OMX
Now handling font encoding U ...
... no UTF-8 mapping file for font encoding U
   defining Unicode char U+00A9 (decimal 169)
   defining Unicode char U+00AA (decimal 170)
   defining Unicode char U+00AE (decimal 174)
   defining Unicode char U+00BA (decimal 186)
   defining Unicode char U+02C6 (decimal 710)
   defining Unicode char U+02DC (decimal 732)
   defining Unicode char U+200C (decimal 8204)
   defining Unicode char U+2026 (decimal 8230)
   defining Unicode char U+2122 (decimal 8482)
   defining Unicode char U+2423 (decimal 9251)
))
(/usr/share/texmf-texlive/tex/latex/hyperref/hyperref.sty
Package: hyperref 2009/10/09 v6.79a Hypertext links for LaTeX

(/usr/share/texmf-texlive/tex/latex/graphics/keyval.sty
Package: keyval 1999/03/16 v1.13 key=value parser (DPC)
\KV@toks@=\toks18
)
(/usr/share/texmf-texlive/tex/generic/oberdiek/ifpdf.sty
Package: ifpdf 2009/04/10 v2.0 Provides the ifpdf switch (HO)
Package ifpdf Info: pdfTeX in pdf mode not detected.
)
(/usr/share/texmf-texlive/tex/generic/oberdiek/ifvtex.sty
Package: ifvtex 2008/11/04 v1.4 Switches for detecting VTeX and its modes (HO)
Package ifvtex Info: VTeX not detected.
)
(/usr/share/texmf-texlive/tex/generic/ifxetex/ifxetex.sty
Package: ifxetex 2009/01/23 v0.5 Provides ifxetex conditional
)
(/usr/share/texmf-texlive/tex/latex/oberdiek/hycolor.sty
Package: hycolor 2009/10/02 v1.5 Code for color options of hyperref/bookmark (H
O)

(/usr/share/texmf-texlive/tex/latex/oberdiek/xcolor-patch.sty
Package: xcolor-patch 2009/10/02 xcolor patch
))
\@linkdim=\dimen105
\Hy@linkcounter=\count92
\Hy@pagecounter=\count93

(/usr/share/texmf-texlive/tex/latex/hyperref/pd1enc.def
File: pd1enc.def 2009/10/09 v6.79a Hyperref: PDFDocEncoding definition (HO)
Now handling font encoding PD1 ...
... no UTF-8 mapping file for font encoding PD1
)
(/usr/share/texmf-texlive/tex/generic/oberdiek/etexcmds.sty
Package: etexcmds 2007/12/12 v1.2 Prefix for e-TeX command names (HO)

(/usr/share/texmf-texlive/tex/generic/oberdiek/infwarerr.sty
Package: infwarerr 2007/09/09 v1.2 Providing info/warning/message (HO)
)
Package etexcmds Info: Could not find \expanded.
(etexcmds)             That can mean that you are not using pdfTeX 1.50 or
(etexcmds)             that some package has redefined \expanded.
(etexcmds)             In the latter case, load this package earlier.
)
(/usr/share/texmf-texlive/tex/latex/latexconfig/hyperref.cfg
File: hyperref.cfg 2002/06/06 v1.2 hyperref configuration of TeXLive
)
(/usr/share/texmf-texlive/tex/latex/oberdiek/kvoptions.sty
Package: kvoptions 2009/08/13 v3.4 Keyval support for LaTeX options (HO)

(/usr/share/texmf-texlive/tex/generic/oberdiek/kvsetkeys.sty
Package: kvsetkeys 2009/07/30 v1.5 Key value parser with default handler suppor
t (HO)
))
Package hyperref Info: Option `bookmarks' set `true' on input line 2864.
Package hyperref Info: Option `bookmarksopen' set `false' on input line 2864.
Package hyperref Info: Option `colorlinks' set `true' on input line 2864.


Package hyperref Warning: Option `pagecolor' is not available anymore.

Package hyperref Info: Hyper figures OFF on input line 2975.
Package hyperref Info: Link nesting OFF on input line 2980.
Package hyperref Info: Hyper index ON on input line 2983.
Package hyperref Info: Plain pages OFF on input line 2990.
Package hyperref Info: Backreferencing ON on input line 2993.
Implicit mode ON; LaTeX internals redefined
Package hyperref Info: Bookmarks ON on input line 3191.
(/usr/share/texmf-texlive/tex/latex/hyperref/backref.sty
Package: backref 2006/09/05 v1.28 Bibliographical back referencing
)
(/usr/share/texmf-texlive/tex/latex/ltxmisc/url.sty
\Urlmuskip=\muskip10
Package: url 2006/04/12  ver 3.3  Verb mode for urls, etc.
)
LaTeX Info: Redefining \url on input line 3428.

(/usr/share/texmf-texlive/tex/generic/oberdiek/bitset.sty
Package: bitset 2007/09/28 v1.0 Data type bit set (HO)

(/usr/share/texmf-texlive/tex/generic/oberdiek/intcalc.sty
Package: intcalc 2007/09/27 v1.1 Expandable integer calculations (HO)
)
(/usr/share/texmf-texlive/tex/generic/oberdiek/bigintcalc.sty
Package: bigintcalc 2007/11/11 v1.1 Expandable big integer calculations (HO)

(/usr/share/texmf-texlive/tex/generic/oberdiek/pdftexcmds.sty
Package: pdftexcmds 2009/09/23 v0.6 LuaTeX support for pdfTeX utility functions
 (HO)

(/usr/share/texmf-texlive/tex/generic/oberdiek/ifluatex.sty
Package: ifluatex 2009/04/17 v1.2 Provides the ifluatex switch (HO)
Package ifluatex Info: LuaTeX not detected.
)
(/usr/share/texmf-texlive/tex/generic/oberdiek/ltxcmds.sty
Package: ltxcmds 2009/08/05 v1.0 Some LaTeX kernel commands for general use (HO
)
)
Package pdftexcmds Info: LuaTeX not detected.
Package pdftexcmds Info: \pdf@primitive is available.
Package pdftexcmds Info: \pdf@ifprimitive is available.
)))
\Fld@menulength=\count94
\Field@Width=\dimen106
\Fld@charsize=\dimen107
\Field@toks=\toks19
Package hyperref Info: Hyper figures OFF on input line 4377.
Package hyperref Info: Link nesting OFF on input line 4382.
Package hyperref Info: Hyper index ON on input line 4385.
Package hyperref Info: backreferencing ON on input line 4390.
Package hyperref Info: Link coloring ON on input line 4395.
Package hyperref Info: Link coloring with OCG OFF on input line 4402.
Package hyperref Info: PDF/A mode OFF on input line 4407.

(/usr/share/texmf-texlive/tex/generic/oberdiek/atbegshi.sty
Package: atbegshi 2008/07/31 v1.9 At begin shipout hook (HO)
)
\Hy@abspage=\count95
\c@Item=\count96
\c@Hfootnote=\count97
)
*hyperref using driver hdvips*
(/usr/share/texmf-texlive/tex/latex/hyperref/hdvips.def
File: hdvips.def 2009/10/09 v6.79a Hyperref driver for dvips

(/usr/share/texmf-texlive/tex/latex/hyperref/pdfmark.def
File: pdfmark.def 2009/10/09 v6.79a Hyperref definitions for pdfmark specials
\pdf@docset=\toks20
\pdf@box=\box30
\pdf@toks=\toks21
\pdf@defaulttoks=\toks22
\Fld@listcount=\count98
))
\@indexfile=\write3
\openout3 = `api.idx'.


Writing index file api.idx
(./api.aux (./saip-module.aux) (./saip.config-module.aux)
(./saip.config.app_cfg-module.aux) (./saip.config.environment-module.aux)
(./saip.config.middleware-module.aux) (./saip.controllers-module.aux)
(./saip.controllers.admin_controller-module.aux)
(./saip.controllers.archivo_controller-module.aux)
(./saip.controllers.archivo_controller_listado-module.aux)
(./saip.controllers.borrado_controller-module.aux)
(./saip.controllers.caracteristica_controller-module.aux)
(./saip.controllers.desarrollo_controller-module.aux)
(./saip.controllers.desarrollo_fase_controller-module.aux)
(./saip.controllers.desarrollo_proyecto_controller-module.aux)
(./saip.controllers.error-module.aux)
(./saip.controllers.fase_controller-module.aux)
(./saip.controllers.fase_controller_2-module.aux)
(./saip.controllers.ficha_fase_controller-module.aux)
(./saip.controllers.ficha_proyecto_controller-module.aux)
(./saip.controllers.ficha_sistema_controller-module.aux)
(./saip.controllers.ficha_usuario_controller-module.aux)
(./saip.controllers.gestion_controller-module.aux)
(./saip.controllers.gestion_fase_controller-module.aux)
(./saip.controllers.gestion_proyecto_controller-module.aux)
(./saip.controllers.item_controller-module.aux)
(./saip.controllers.item_controller_listado-module.aux)
(./saip.controllers.linea_base_controller-module.aux)
(./saip.controllers.proyecto_controller-module.aux)
(./saip.controllers.proyecto_controller_2-module.aux)
(./saip.controllers.relacion_controller-module.aux)
(./saip.controllers.relacion_controller_listado-module.aux)
(./saip.controllers.revision_controller-module.aux)
(./saip.controllers.rol_controller-module.aux)
(./saip.controllers.root-module.aux) (./saip.controllers.secure-module.aux)
(./saip.controllers.template-module.aux)
(./saip.controllers.tipo_item_controller-module.aux)
(./saip.controllers.tipo_item_controller_nuevo-module.aux)
(./saip.controllers.usuario_controller-module.aux)
(./saip.controllers.version_controller-module.aux) (./saip.lib-module.aux)
(./saip.lib.app_globals-module.aux) (./saip.lib.auth-module.aux)
(./saip.lib.base-module.aux) (./saip.lib.func-module.aux)
(./saip.lib.helpers-module.aux) (./saip.model-module.aux)
(./saip.model.app-module.aux) (./saip.model.auth-module.aux)
(./saip.templates-module.aux) (./saip.tests-module.aux)
(./saip.tests.models-module.aux) (./saip.tests.models.test_proyecto-module.aux)
(./saip.tests.models.test_rol-module.aux)
(./saip.tests.models.test_usuario-module.aux) (./saip.websetup-module.aux)
(./saip.websetup.bootstrap-module.aux) (./saip.websetup.schema-module.aux))
\openout1 = `api.aux'.

LaTeX Font Info:    Checking defaults for OML/cmm/m/it on input line 80.
LaTeX Font Info:    ... okay on input line 80.
LaTeX Font Info:    Checking defaults for T1/cmr/m/n on input line 80.
LaTeX Font Info:    ... okay on input line 80.
LaTeX Font Info:    Checking defaults for OT1/cmr/m/n on input line 80.
LaTeX Font Info:    ... okay on input line 80.
LaTeX Font Info:    Checking defaults for OMS/cmsy/m/n on input line 80.
LaTeX Font Info:    ... okay on input line 80.
LaTeX Font Info:    Checking defaults for OMX/cmex/m/n on input line 80.
LaTeX Font Info:    ... okay on input line 80.
LaTeX Font Info:    Checking defaults for U/cmr/m/n on input line 80.
LaTeX Font Info:    ... okay on input line 80.
LaTeX Font Info:    Checking defaults for PD1/pdf/m/n on input line 80.
LaTeX Font Info:    ... okay on input line 80.
Package hyperref Info: Link coloring ON on input line 80.

(/usr/share/texmf-texlive/tex/latex/hyperref/nameref.sty
Package: nameref 2007/05/29 v2.31 Cross-referencing by name of section

(/usr/share/texmf-texlive/tex/latex/oberdiek/refcount.sty
Package: refcount 2008/08/11 v3.1 Data extraction from references (HO)
)
\c@section@level=\count99
)
LaTeX Info: Redefining \ref on input line 80.
LaTeX Info: Redefining \pageref on input line 80.
 (./api.out)
(./api.out)
\@outlinefile=\write4
\openout4 = `api.out'.

\AtBeginShipoutBox=\box31
LaTeX Font Info:    Try loading font information for U+msa on input line 95.
 (/usr/share/texmf-texlive/tex/latex/amsfonts/umsa.fd
File: umsa.fd 2009/06/22 v3.00 AMS symbols A
)
LaTeX Font Info:    Try loading font information for U+msb on input line 95.

(/usr/share/texmf-texlive/tex/latex/amsfonts/umsb.fd
File: umsb.fd 2009/06/22 v3.00 AMS symbols B
) (./api.toc [1

] [2]
[3] [4] [5] [6] [7] [8] [9] [10])
\tf@toc=\write5
\openout5 = `api.toc'.

 [11]
\openout2 = `saip-module.aux'.

 (./saip-module.tex
LaTeX Font Info:    Try loading font information for OMS+cmr on input line 28.

(/usr/share/texmf-texlive/tex/latex/base/omscmr.fd
File: omscmr.fd 1999/05/25 v2.5h Standard LaTeX font definitions
)
LaTeX Font Info:    Font shape `OMS/cmr/m/n' in size <10> not available
(Font)              Font shape `OMS/cmsy/m/n' tried instead on input line 28.
 [12

] [13]) [14]
\openout2 = `saip.config-module.aux'.


(./saip.config-module.tex) [15


]
\openout2 = `saip.config.app_cfg-module.aux'.

 (./saip.config.app_cfg-module.tex) [16


]
\openout2 = `saip.config.environment-module.aux'.


(./saip.config.environment-module.tex) [17


]
\openout2 = `saip.config.middleware-module.aux'.


(./saip.config.middleware-module.tex) [18


]
\openout2 = `saip.controllers-module.aux'.

 (./saip.controllers-module.tex
[19


]) [20]
\openout2 = `saip.controllers.admin_controller-module.aux'.

 (./saip.controllers.admin_controller-module.tex) [21


]
\openout2 = `saip.controllers.archivo_controller-module.aux'.


(./saip.controllers.archivo_controller-module.tex
LaTeX Font Info:    Font shape `OMS/cmr/m/n' in size <12> not available
(Font)              Font shape `OMS/cmsy/m/n' tried instead on input line 22.

Overfull \hbox (10.88562pt too wide) in paragraph at lines 113--123
[] 
 []

[22


]
Overfull \hbox (2.29228pt too wide) in paragraph at lines 204--214
[] 
 []


Overfull \hbox (29.68126pt too wide) in paragraph at lines 251--261
[] 
 []

[23]
Overfull \hbox (11.98648pt too wide) in paragraph at lines 295--299
\OT1/cmtt/m/n/12 archivo[]controller.ArchivoTableFiller.[]do[]get[]provider[]co
unt[]and[]objs\OT1/cmr/m/n/12 .  
 []

) [24]
\openout2 = `saip.controllers.archivo_controller_listado-module.aux'.

 (./saip.controllers.archivo_controller_listado-module.tex
Overfull \hbox (22.63591pt too wide) in paragraph at lines 71--81
[] 
 []


Overfull \hbox (54.63313pt too wide) in paragraph at lines 113--123
[] 
 []

[25


]
Overfull \hbox (46.0398pt too wide) in paragraph at lines 187--197
[] 
 []


Overfull \hbox (116.6774pt too wide) in paragraph at lines 232--242
[] 
 []

[26]
Overfull \hbox (59.6575pt too wide) in paragraph at lines 277--281
\OT1/cmtt/m/n/12 archivo[]controller[]listado.ArchivoTableFiller.[]do[]get[]pro
vider[]count[]and[]objs\OT1/cmr/m/n/12 .  
 []

) [27]
\openout2 = `saip.controllers.borrado_controller-module.aux'.

 (./saip.controllers.borrado_controller-module.tex [28


]
Overfull \hbox (35.79935pt too wide) in paragraph at lines 210--220
[] 
 []

[29]) [30]
\openout2 = `saip.controllers.caracteristica_controller-module.aux'.

 (./saip.controllers.caracteristica_controller-module.tex
Overfull \hbox (50.50371pt too wide) in paragraph at lines 71--81
[] 
 []


Overfull \hbox (82.50093pt too wide) in paragraph at lines 115--125
[] 
 []

[31


]
Overfull \hbox (73.9076pt too wide) in paragraph at lines 182--192
[] 
 []


Overfull \hbox (101.29657pt too wide) in paragraph at lines 230--240
[] 
 []

[32]) [33]
\openout2 = `saip.controllers.desarrollo_controller-module.aux'.

 (./saip.controllers.desarrollo_controller-module.tex
Overfull \hbox (43.60785pt too wide) in paragraph at lines 44--63
[] 
 []

) [34


]
\openout2 = `saip.controllers.desarrollo_fase_controller-module.aux'.

 (./saip.controllers.desarrollo_fase_controller-module.tex
Overfull \hbox (0.36925pt too wide) in paragraph at lines 64--74
[] 
 []


Overfull \hbox (32.36647pt too wide) in paragraph at lines 106--116
[] 
 []

[35


]
Overfull \hbox (99.89977pt too wide) in paragraph at lines 189--199
[] 
 []


Overfull \hbox (41.13249pt too wide) in paragraph at lines 233--237
\OT1/cmtt/m/n/12 desarrollo[]fase[]controller.FaseTableFiller.[]do[]get[]provid
er[]count[]and[]objs\OT1/cmr/m/n/12 .  
 []

) [36]
\openout2 = `saip.controllers.desarrollo_proyecto_controller-module.aux'.

 (./saip.controllers.desarrollo_proyecto_controller-module.tex
Overfull \hbox (55.10814pt too wide) in paragraph at lines 64--74
[] 
 []


Overfull \hbox (87.10536pt too wide) in paragraph at lines 108--118
[] 
 []

[37


]
Overfull \hbox (154.63866pt too wide) in paragraph at lines 190--200
[] 
 []

[38]) [39]
\openout2 = `saip.controllers.error-module.aux'.

 (./saip.controllers.error-module.tex
Overfull \hbox (27.68022pt too wide) in paragraph at lines 76--77
[][][]\OT1/cmr/m/n/12 delattr[][](), [][]format[][](), [][]getattribute[][](), 
[][]hash[][](), [][]init[][](), [][]new[][](), [][]reduce[][](),
 []

) [40


]
\openout2 = `saip.controllers.fase_controller-module.aux'.

 (./saip.controllers.fase_controller-module.tex
LaTeX Font Info:    Try loading font information for OMS+cmtt on input line 104
.
LaTeX Font Info:    No file OMScmtt.fd. on input line 104.


LaTeX Font Warning: Font shape `OMS/cmtt/m/n' undefined
(Font)              using `OMS/cmsy/m/n' instead
(Font)              for symbol `textbraceleft' on input line 104.

[41


] [42]
Overfull \hbox (43.996pt too wide) in paragraph at lines 269--279
[] 
 []


Overfull \hbox (42.70433pt too wide) in paragraph at lines 324--334
[] 
 []

[43] [44] [45]) [46]
\openout2 = `saip.controllers.fase_controller_2-module.aux'.

 (./saip.controllers.fase_controller_2-module.tex [47


]
Overfull \hbox (26.36777pt too wide) in paragraph at lines 195--205
[] 
 []

[48]) [49]
\openout2 = `saip.controllers.ficha_fase_controller-module.aux'.

 (./saip.controllers.ficha_fase_controller-module.tex
Overfull \hbox (8.49422pt too wide) in paragraph at lines 114--124
[] 
 []

[50


]
Overfull \hbox (44.63242pt too wide) in paragraph at lines 251--261
[] 
 []

[51]
Overfull \hbox (52.6982pt too wide) in paragraph at lines 321--331
[] 
 []

[52]) [53]
\openout2 = `saip.controllers.ficha_proyecto_controller-module.aux'.

 (./saip.controllers.ficha_proyecto_controller-module.tex
Overfull \hbox (4.62338pt too wide) in paragraph at lines 67--77
[] 
 []


Overfull \hbox (36.6206pt too wide) in paragraph at lines 114--124
[] 
 []

[54


]
Overfull \hbox (72.7588pt too wide) in paragraph at lines 251--261
[] 
 []


Overfull \hbox (28.02727pt too wide) in paragraph at lines 274--284
[] 
 []

[55]
Overfull \hbox (107.43709pt too wide) in paragraph at lines 321--331
[] 
 []

[56]) [57]
\openout2 = `saip.controllers.ficha_sistema_controller-module.aux'.

 (./saip.controllers.ficha_sistema_controller-module.tex
Overfull \hbox (29.94423pt too wide) in paragraph at lines 114--124
[] 
 []

[58


]
Overfull \hbox (66.08243pt too wide) in paragraph at lines 248--258
[] 
 []


Overfull \hbox (21.35089pt too wide) in paragraph at lines 271--281
[] 
 []

[59]
Overfull \hbox (94.5371pt too wide) in paragraph at lines 318--328
[] 
 []

[60]) [61]
\openout2 = `saip.controllers.ficha_usuario_controller-module.aux'.

 (./saip.controllers.ficha_usuario_controller-module.tex
Overfull \hbox (29.2234pt too wide) in paragraph at lines 109--119
[] 
 []

[62


]
Overfull \hbox (93.79547pt too wide) in paragraph at lines 228--238
[] 
 []


Overfull \hbox (34.95749pt too wide) in paragraph at lines 272--276
\OT1/cmtt/m/n/12 ficha[]usuario[]controller.FichaTableFiller.[]do[]get[]provide
r[]count[]and[]objs\OT1/cmr/m/n/12 .  
 []

[63]) [64]
\openout2 = `saip.controllers.gestion_controller-module.aux'.

 (./saip.controllers.gestion_controller-module.tex
Overfull \hbox (12.44112pt too wide) in paragraph at lines 43--62
[] 
 []

) [65


]
\openout2 = `saip.controllers.gestion_fase_controller-module.aux'.

 (./saip.controllers.gestion_fase_controller-module.tex
Overfull \hbox (16.27617pt too wide) in paragraph at lines 106--116
[] 
 []

[66


]
Overfull \hbox (68.73303pt too wide) in paragraph at lines 192--202
[] 
 []


Overfull \hbox (22.60748pt too wide) in paragraph at lines 236--240
\OT1/cmtt/m/n/12 gestion[]fase[]controller.FaseTableFiller.[]do[]get[]provider[
]count[]and[]objs\OT1/cmr/m/n/12 .  
 []

[67]) [68]
\openout2 = `saip.controllers.gestion_proyecto_controller-module.aux'.

 (./saip.controllers.gestion_proyecto_controller-module.tex
Overfull \hbox (39.01784pt too wide) in paragraph at lines 64--74
[] 
 []


Overfull \hbox (71.01506pt too wide) in paragraph at lines 108--118
[] 
 []

[69


]
Overfull \hbox (123.47192pt too wide) in paragraph at lines 235--245
[] 
 []

[70]) [71]
\openout2 = `saip.controllers.item_controller-module.aux'.

 (./saip.controllers.item_controller-module.tex [72


] [73] [74]
[75] [76]) [77]
\openout2 = `saip.controllers.item_controller_listado-module.aux'.

 (./saip.controllers.item_controller_listado-module.tex
Overfull \hbox (20.1956pt too wide) in paragraph at lines 119--129
[] 
 []

[78


]
Overfull \hbox (11.60226pt too wide) in paragraph at lines 218--228
[] 
 []

[79]
Overfull \hbox (34.20515pt too wide) in paragraph at lines 308--318
[] 
 []


Overfull \hbox (82.23987pt too wide) in paragraph at lines 347--357
[] 
 []

[80]) [81]
\openout2 = `saip.controllers.linea_base_controller-module.aux'.

 (./saip.controllers.linea_base_controller-module.tex
Overfull \hbox (8.21088pt too wide) in paragraph at lines 95--105
[] 
 []


Overfull \hbox (40.2081pt too wide) in paragraph at lines 137--147
[] 
 []

[82


]
Overfull \hbox (90.29865pt too wide) in paragraph at lines 223--233
[] 
 []

[83]
Overfull \hbox (31.61476pt too wide) in paragraph at lines 309--319
[] 
 []


Overfull \hbox (59.00374pt too wide) in paragraph at lines 356--366
[] 
 []


Overfull \hbox (41.13249pt too wide) in paragraph at lines 400--404
\OT1/cmtt/m/n/12 linea[]base[]controller.LineaBaseTableFiller.[]do[]get[]provid
er[]count[]and[]objs\OT1/cmr/m/n/12 .  
 []

[84]) [85]
\openout2 = `saip.controllers.proyecto_controller-module.aux'.

 (./saip.controllers.proyecto_controller-module.tex
Overfull \hbox (21.88136pt too wide) in paragraph at lines 104--114
[] 
 []

[86


]
Overfull \hbox (24.67033pt too wide) in paragraph at lines 190--200
[] 
 []

[87]
Overfull \hbox (16.077pt too wide) in paragraph at lines 310--320
[] 
 []


Overfull \hbox (15.22322pt too wide) in paragraph at lines 363--373
[] 
 []

[88]
Overfull \hbox (1.56049pt too wide) in paragraph at lines 412--422
[] 
 []


Overfull \hbox (38.67989pt too wide) in paragraph at lines 468--478
[] 
 []

[89]
Overfull \hbox (43.46597pt too wide) in paragraph at lines 510--520
[] 
 []

[90]
Overfull \hbox (10.8995pt too wide) in paragraph at lines 726--727
\OT1/cmtt/m/n/12 DBSession.query(Proyecto).get(id[]proyecto)|  
 []

) [91]
\openout2 = `saip.controllers.proyecto_controller_2-module.aux'.

 (./saip.controllers.proyecto_controller_2-module.tex
Overfull \hbox (4.28311pt too wide) in paragraph at lines 65--75
[] 
 []


Overfull \hbox (36.28033pt too wide) in paragraph at lines 109--119
[] 
 []

[92


]
Overfull \hbox (81.10666pt too wide) in paragraph at lines 210--220
[] 
 []

[93]) [94]
\openout2 = `saip.controllers.relacion_controller-module.aux'.

 (./saip.controllers.relacion_controller-module.tex
Overfull \hbox (18.87866pt too wide) in paragraph at lines 115--125
[] 
 []

[95


]
Overfull \hbox (10.28532pt too wide) in paragraph at lines 229--239
[] 
 []


Overfull \hbox (37.6743pt too wide) in paragraph at lines 273--283
[] 
 []

[96]
Overfull \hbox (24.33649pt too wide) in paragraph at lines 317--321
\OT1/cmtt/m/n/12 relacion[]controller.RelacionTableFiller.[]do[]get[]provider[]
count[]and[]objs\OT1/cmr/m/n/12 .  
 []

[97]) [98]
\openout2 = `saip.controllers.relacion_controller_listado-module.aux'.

 (./saip.controllers.relacion_controller_listado-module.tex
Overfull \hbox (30.62895pt too wide) in paragraph at lines 71--81
[] 
 []


Overfull \hbox (62.62617pt too wide) in paragraph at lines 116--126
[] 
 []

[99


]
Overfull \hbox (54.03284pt too wide) in paragraph at lines 213--223
[] 
 []


Overfull \hbox (124.67044pt too wide) in paragraph at lines 255--265
[] 
 []

[100]) [101]
\openout2 = `saip.controllers.revision_controller-module.aux'.

 (./saip.controllers.revision_controller-module.tex
Overfull \hbox (18.65369pt too wide) in paragraph at lines 111--121
[] 
 []

[102


]
Overfull \hbox (37.44933pt too wide) in paragraph at lines 199--209
[] 
 []

[103]) [104]
\openout2 = `saip.controllers.rol_controller-module.aux'.

 (./saip.controllers.rol_controller-module.tex [105


] [106]
Overfull \hbox (68.09146pt too wide) in paragraph at lines 294--304
[] 
 []

[107] [108]) [109]
\openout2 = `saip.controllers.root-module.aux'.

 (./saip.controllers.root-module.tex [110


]) [111]
\openout2 = `saip.controllers.secure-module.aux'.


(./saip.controllers.secure-module.tex) [112


]
\openout2 = `saip.controllers.template-module.aux'.


(./saip.controllers.template-module.tex) [113


]
\openout2 = `saip.controllers.tipo_item_controller-module.aux'.


(./saip.controllers.tipo_item_controller-module.tex
Overfull \hbox (26.47746pt too wide) in paragraph at lines 76--86
[] 
 []

[114


]
Overfull \hbox (0.69974pt too wide) in paragraph at lines 168--178
[] 
 []


Overfull \hbox (32.69696pt too wide) in paragraph at lines 212--222
[] 
 []

[115]
Overfull \hbox (24.10362pt too wide) in paragraph at lines 297--307
[] 
 []


Overfull \hbox (24.97852pt too wide) in paragraph at lines 332--333
\OT1/cmtt/m/n/12 ValidarExpresion(r'^[A-Za-z][A-Za-z]*$'),...|  
 []


Overfull \hbox (9.58711pt too wide) in paragraph at lines 347--357
[] 
 []

[116]
Overfull \hbox (46.70651pt too wide) in paragraph at lines 394--404
[] 
 []


Overfull \hbox (51.4926pt too wide) in paragraph at lines 436--446
[] 
 []

[117]) [118]
\openout2 = `saip.controllers.tipo_item_controller_nuevo-module.aux'.

 (./saip.controllers.tipo_item_controller_nuevo-module.tex
Overfull \hbox (39.84445pt too wide) in paragraph at lines 65--75
[] 
 []


Overfull \hbox (71.84167pt too wide) in paragraph at lines 109--119
[] 
 []

[119


]
Overfull \hbox (116.668pt too wide) in paragraph at lines 197--207
[] 
 []

[120]) [121]
\openout2 = `saip.controllers.usuario_controller-module.aux'.

 (./saip.controllers.usuario_controller-module.tex
Overfull \hbox (11.02872pt too wide) in paragraph at lines 124--134
[] 
 []

[122


]
Overfull \hbox (2.43538pt too wide) in paragraph at lines 229--239
[] 
 []

[123]
Overfull \hbox (25.03827pt too wide) in paragraph at lines 338--348
[] 
 []

[124]
Overfull \hbox (29.82436pt too wide) in paragraph at lines 379--389
[] 
 []


Overfull \hbox (11.98648pt too wide) in paragraph at lines 423--427
\OT1/cmtt/m/n/12 usuario[]controller.UsuarioTableFiller.[]do[]get[]provider[]co
unt[]and[]objs\OT1/cmr/m/n/12 .  
 []

[125]) [126]
\openout2 = `saip.controllers.version_controller-module.aux'.

 (./saip.controllers.version_controller-module.tex [127


]
Overfull \hbox (26.96321pt too wide) in paragraph at lines 212--222
[] 
 []

[128] [129]) [130]
\openout2 = `saip.lib-module.aux'.

 (./saip.lib-module.tex) [131


]
\openout2 = `saip.lib.app_globals-module.aux'.


(./saip.lib.app_globals-module.tex
Overfull \hbox (59.00017pt too wide) in paragraph at lines 72--73
[][][]\OT1/cmr/m/n/12 delattr[][](), [][]format[][](), [][]getattribute[][](), 
[][]hash[][](), [][]new[][](), [][]reduce[][](), [][]reduce[]ex[][](),
 []

) [132


]
\openout2 = `saip.lib.auth-module.aux'.

 (./saip.lib.auth-module.tex [133


]) [134]
\openout2 = `saip.lib.base-module.aux'.

 (./saip.lib.base-module.tex)
[135


]
\openout2 = `saip.lib.func-module.aux'.

 (./saip.lib.func-module.tex [136


] [137]
LaTeX Font Info:    Font shape `OMS/cmr/m/it' in size <12> not available
(Font)              Font shape `OMS/cmsy/m/n' tried instead on input line 350.
 [138] [139]) [140]
\openout2 = `saip.lib.helpers-module.aux'.


(./saip.lib.helpers-module.tex) [141


]
\openout2 = `saip.model-module.aux'.

 (./saip.model-module.tex) [142


]
\openout2 = `saip.model.app-module.aux'.


(./saip.model.app-module.tex [143


] [144] [145] [146] [147] [148]) [149]
\openout2 = `saip.model.auth-module.aux'.


(./saip.model.auth-module.tex [150


] [151] [152]) [153]
\openout2 = `saip.templates-module.aux'.


(./saip.templates-module.tex) [154


]
\openout2 = `saip.tests-module.aux'.

 (./saip.tests-module.tex
Overfull \hbox (168.45918pt too wide) in paragraph at lines 138--140
[]\OT1/cmr/m/n/12 This is the of-fi-cially sup-ported way to test pro-tected ar
-eas with repoze.who-testutil (http://code.gustavonarea.net/repoze.who-
 []

[155


]
Overfull \hbox (27.68022pt too wide) in paragraph at lines 188--189
[][][]\OT1/cmr/m/n/12 delattr[][](), [][]format[][](), [][]getattribute[][](), 
[][]hash[][](), [][]init[][](), [][]new[][](), [][]reduce[][](),
 []

) [156]
\openout2 = `saip.tests.models-module.aux'.

 (./saip.tests.models-module.tex
Overfull \hbox (27.68022pt too wide) in paragraph at lines 165--166
[][][]\OT1/cmr/m/n/12 delattr[][](), [][]format[][](), [][]getattribute[][](), 
[][]hash[][](), [][]init[][](), [][]new[][](), [][]reduce[][](),
 []

[157


]) [158]
\openout2 = `saip.tests.models.test_proyecto-module.aux'.

 (./saip.tests.models.test_proyecto-module.tex
Overfull \hbox (27.68022pt too wide) in paragraph at lines 83--84
[][][]\OT1/cmr/m/n/12 delattr[][](), [][]format[][](), [][]getattribute[][](), 
[][]hash[][](), [][]init[][](), [][]new[][](), [][]reduce[][](),
 []

) [159


]
\openout2 = `saip.tests.models.test_rol-module.aux'.

 (./saip.tests.models.test_rol-module.tex
Overfull \hbox (27.68022pt too wide) in paragraph at lines 83--84
[][][]\OT1/cmr/m/n/12 delattr[][](), [][]format[][](), [][]getattribute[][](), 
[][]hash[][](), [][]init[][](), [][]new[][](), [][]reduce[][](),
 []

) [160


]
\openout2 = `saip.tests.models.test_usuario-module.aux'.

 (./saip.tests.models.test_usuario-module.tex
Overfull \hbox (27.68022pt too wide) in paragraph at lines 83--84
[][][]\OT1/cmr/m/n/12 delattr[][](), [][]format[][](), [][]getattribute[][](), 
[][]hash[][](), [][]init[][](), [][]new[][](), [][]reduce[][](),
 []

) [161


]
\openout2 = `saip.websetup-module.aux'.

 (./saip.websetup-module.tex) [162


]
\openout2 = `saip.websetup.bootstrap-module.aux'.


(./saip.websetup.bootstrap-module.tex) [163


]
\openout2 = `saip.websetup.schema-module.aux'.

 (./saip.websetup.schema-module.tex) [164


] (./api.ind
Overfull \hbox (2.57178pt too wide) in paragraph at lines 13--15
[]| \OT1/cmr/m/n/12 saip.controllers.archivo[]controller \OT1/cmr/m/it/12 (mod-

 []


Overfull \hbox (8.19977pt too wide) in paragraph at lines 15--17
[]| \OT1/cmr/m/n/12 saip.controllers.archivo[]controller[]listado
 []


Overfull \hbox (5.83563pt too wide) in paragraph at lines 17--19
[]| \OT1/cmr/m/n/12 saip.controllers.borrado[]controller \OT1/cmr/m/it/12 (mod-

 []


Overfull \hbox (1.03235pt too wide) in paragraph at lines 19--21
[]| \OT1/cmr/m/n/12 saip.controllers.caracteristica[]controller
 []


Overfull \hbox (15.36609pt too wide) in paragraph at lines 21--23
[]| \OT1/cmr/m/n/12 saip.controllers.desarrollo[]controller \OT1/cmr/m/it/12 (m
od-
 []


Overfull \hbox (6.30673pt too wide) in paragraph at lines 23--25
[]| \OT1/cmr/m/n/12 saip.controllers.desarrollo[]fase[]controller
 []


Overfull \hbox (30.39398pt too wide) in paragraph at lines 25--27
[]| \OT1/cmr/m/n/12 saip.controllers.desarrollo[]proyecto[]controller
 []


Overfull \hbox (3.57626pt too wide) in paragraph at lines 29--31
[]| \OT1/cmr/m/n/12 saip.controllers.fase[]controller \OT1/cmr/m/it/12 (mod-ule
)\OT1/cmr/m/n/12 ,
 []


Overfull \hbox (13.68115pt too wide) in paragraph at lines 31--33
[]| \OT1/cmr/m/n/12 saip.controllers.fase[]controller[]2 \OT1/cmr/m/it/12 (mod-
ule)\OT1/cmr/m/n/12 ,
 []


Overfull \hbox (13.06833pt too wide) in paragraph at lines 33--35
[]| \OT1/cmr/m/n/12 saip.controllers.ficha[]fase[]controller \OT1/cmr/m/it/12 (
mod-
 []


Overfull \hbox (4.54425pt too wide) in paragraph at lines 35--37
[]| \OT1/cmr/m/n/12 saip.controllers.ficha[]proyecto[]controller
 []


Overfull \hbox (31.73758pt too wide) in paragraph at lines 37--39
[]| \OT1/cmr/m/n/12 saip.controllers.ficha[]sistema[]controller \OT1/cmr/m/it/1
2 (mod-
 []


Overfull \hbox (31.01953pt too wide) in paragraph at lines 39--41
[]| \OT1/cmr/m/n/12 saip.controllers.ficha[]usuario[]controller \OT1/cmr/m/it/1
2 (mod-
 []


Overfull \hbox (1.6579pt too wide) in paragraph at lines 41--43
[]| \OT1/cmr/m/n/12 saip.controllers.gestion[]controller \OT1/cmr/m/it/12 (mod-

 []


Overfull \hbox (25.20987pt too wide) in paragraph at lines 43--45
[]| \OT1/cmr/m/n/12 saip.controllers.gestion[]fase[]controller \OT1/cmr/m/it/12
 (mod-
 []


Overfull \hbox (16.68579pt too wide) in paragraph at lines 45--47
[]| \OT1/cmr/m/n/12 saip.controllers.gestion[]proyecto[]controller
 []


Overfull \hbox (7.10123pt too wide) in paragraph at lines 47--49
[]| \OT1/cmr/m/n/12 saip.controllers.item[]controller \OT1/cmr/m/it/12 (mod-ule
)\OT1/cmr/m/n/12 ,
 []


Overfull \hbox (26.77652pt too wide) in paragraph at lines 49--51
[]| \OT1/cmr/m/n/12 saip.controllers.item[]controller[]listado \OT1/cmr/m/it/12
 (mod-
 []


Overfull \hbox (16.33218pt too wide) in paragraph at lines 51--53
[]| \OT1/cmr/m/n/12 saip.controllers.linea[]base[]controller \OT1/cmr/m/it/12 (
mod-
 []


Overfull \hbox (9.09949pt too wide) in paragraph at lines 53--55
[]| \OT1/cmr/m/n/12 saip.controllers.proyecto[]controller \OT1/cmr/m/it/12 (mod
-
 []


Overfull \hbox (19.20438pt too wide) in paragraph at lines 55--57
[]| \OT1/cmr/m/n/12 saip.controllers.proyecto[]controller[]2 \OT1/cmr/m/it/12 (
mod-
 []


Overfull \hbox (5.50925pt too wide) in paragraph at lines 57--59
[]| \OT1/cmr/m/n/12 saip.controllers.relacion[]controller \OT1/cmr/m/it/12 (mod
-
 []


Overfull \hbox (11.13724pt too wide) in paragraph at lines 59--61
[]| \OT1/cmr/m/n/12 saip.controllers.relacion[]controller[]listado
 []


Overfull \hbox (5.24814pt too wide) in paragraph at lines 61--63
[]| \OT1/cmr/m/n/12 saip.controllers.revision[]controller \OT1/cmr/m/it/12 (mod
-
 []


Overfull \hbox (13.32944pt too wide) in paragraph at lines 71--73
[]| \OT1/cmr/m/n/12 saip.controllers.tipo[]item[]controller \OT1/cmr/m/it/12 (m
od-
 []


Overfull \hbox (14.64914pt too wide) in paragraph at lines 73--75
[]| \OT1/cmr/m/n/12 saip.controllers.tipo[]item[]controller[]nuevo
 []


Overfull \hbox (2.96344pt too wide) in paragraph at lines 75--77
[]| \OT1/cmr/m/n/12 saip.controllers.usuario[]controller \OT1/cmr/m/it/12 (mod-

 []


Overfull \hbox (1.6579pt too wide) in paragraph at lines 77--79
[]| \OT1/cmr/m/n/12 saip.controllers.version[]controller \OT1/cmr/m/it/12 (mod-

 []

[165


]
Overfull \hbox (7.88216pt too wide) in paragraph at lines 101--103
[]| \OT1/cmr/m/n/12 saip.tests.TestController \OT1/cmr/m/it/12 (class)\OT1/cmr/
m/n/12 , [][][][][][]--[][][][][][] 
 []


Overfull \hbox (2.95699pt too wide) in paragraph at lines 108--110
[]| \OT1/cmr/m/n/12 saip.websetup.setup[]app \OT1/cmr/m/it/12 (func-tion)\OT1/c
mr/m/n/12 , [][][][][][] 
 []


Overfull \hbox (4.43361pt too wide) in paragraph at lines 110--112
[]\OT1/cmr/m/n/12 saip.websetup.bootstrap.bootstrap \OT1/cmr/m/it/12 (func-tion
)\OT1/cmr/m/n/12 ,
 []

[166

]) (./api.aux (./saip-module.aux) (./saip.config-module.aux)
(./saip.config.app_cfg-module.aux) (./saip.config.environment-module.aux)
(./saip.config.middleware-module.aux) (./saip.controllers-module.aux)
(./saip.controllers.admin_controller-module.aux)
(./saip.controllers.archivo_controller-module.aux)
(./saip.controllers.archivo_controller_listado-module.aux)
(./saip.controllers.borrado_controller-module.aux)
(./saip.controllers.caracteristica_controller-module.aux)
(./saip.controllers.desarrollo_controller-module.aux)
(./saip.controllers.desarrollo_fase_controller-module.aux)
(./saip.controllers.desarrollo_proyecto_controller-module.aux)
(./saip.controllers.error-module.aux)
(./saip.controllers.fase_controller-module.aux)
(./saip.controllers.fase_controller_2-module.aux)
(./saip.controllers.ficha_fase_controller-module.aux)
(./saip.controllers.ficha_proyecto_controller-module.aux)
(./saip.controllers.ficha_sistema_controller-module.aux)
(./saip.controllers.ficha_usuario_controller-module.aux)
(./saip.controllers.gestion_controller-module.aux)
(./saip.controllers.gestion_fase_controller-module.aux)
(./saip.controllers.gestion_proyecto_controller-module.aux)
(./saip.controllers.item_controller-module.aux)
(./saip.controllers.item_controller_listado-module.aux)
(./saip.controllers.linea_base_controller-module.aux)
(./saip.controllers.proyecto_controller-module.aux)
(./saip.controllers.proyecto_controller_2-module.aux)
(./saip.controllers.relacion_controller-module.aux)
(./saip.controllers.relacion_controller_listado-module.aux)
(./saip.controllers.revision_controller-module.aux)
(./saip.controllers.rol_controller-module.aux)
(./saip.controllers.root-module.aux) (./saip.controllers.secure-module.aux)
(./saip.controllers.template-module.aux)
(./saip.controllers.tipo_item_controller-module.aux)
(./saip.controllers.tipo_item_controller_nuevo-module.aux)
(./saip.controllers.usuario_controller-module.aux)
(./saip.controllers.version_controller-module.aux) (./saip.lib-module.aux)
(./saip.lib.app_globals-module.aux) (./saip.lib.auth-module.aux)
(./saip.lib.base-module.aux) (./saip.lib.func-module.aux)
(./saip.lib.helpers-module.aux) (./saip.model-module.aux)
(./saip.model.app-module.aux) (./saip.model.auth-module.aux)
(./saip.templates-module.aux) (./saip.tests-module.aux)
(./saip.tests.models-module.aux) (./saip.tests.models.test_proyecto-module.aux)
(./saip.tests.models.test_rol-module.aux)
(./saip.tests.models.test_usuario-module.aux) (./saip.websetup-module.aux)
(./saip.websetup.bootstrap-module.aux) (./saip.websetup.schema-module.aux))

LaTeX Font Warning: Some font shapes were not available, defaults substituted.


LaTeX Warning: Label(s) may have changed. Rerun to get cross-references right.

 ) 
Here is how much of TeX's memory you used:
 6566 strings out of 495062
 127144 string characters out of 1182644
 248513 words of memory out of 3000000
 9226 multiletter control sequences out of 15000+50000
 14057 words of font info for 54 fonts, out of 3000000 for 9000
 28 hyphenation exceptions out of 8191
 38i,13n,43p,416b,555s stack positions out of 5000i,500n,10000p,200000b,50000s

Output written on api.dvi (166 pages, 1120636 bytes).
