\BOOKMARK [1][-]{section*.2}{Contents}{}
\BOOKMARK [1][-]{section.1}{Package saip}{}
\BOOKMARK [2][-]{subsection.1.1}{Modules}{section.1}
\BOOKMARK [2][-]{subsection.1.2}{Variables}{section.1}
\BOOKMARK [1][-]{section.2}{Package saip.config}{}
\BOOKMARK [2][-]{subsection.2.1}{Modules}{section.2}
\BOOKMARK [2][-]{subsection.2.2}{Variables}{section.2}
\BOOKMARK [1][-]{section.3}{Module saip.config.app\137cfg}{}
\BOOKMARK [2][-]{subsection.3.1}{Variables}{section.3}
\BOOKMARK [1][-]{section.4}{Module saip.config.environment}{}
\BOOKMARK [2][-]{subsection.4.1}{Variables}{section.4}
\BOOKMARK [1][-]{section.5}{Module saip.config.middleware}{}
\BOOKMARK [2][-]{subsection.5.1}{Functions}{section.5}
\BOOKMARK [1][-]{section.6}{Package saip.controllers}{}
\BOOKMARK [2][-]{subsection.6.1}{Modules}{section.6}
\BOOKMARK [2][-]{subsection.6.2}{Variables}{section.6}
\BOOKMARK [1][-]{section.7}{Module saip.controllers.admin\137controller}{}
\BOOKMARK [2][-]{subsection.7.1}{Class AdminController}{section.7}
\BOOKMARK [3][-]{subsubsection.7.1.1}{Methods}{subsection.7.1}
\BOOKMARK [3][-]{subsubsection.7.1.2}{Class Variables}{subsection.7.1}
\BOOKMARK [1][-]{section.8}{Module saip.controllers.archivo\137controller}{}
\BOOKMARK [2][-]{subsection.8.1}{Variables}{section.8}
\BOOKMARK [2][-]{subsection.8.2}{Class ArchivoTable}{section.8}
\BOOKMARK [3][-]{subsubsection.8.2.1}{Class Variables}{subsection.8.2}
\BOOKMARK [2][-]{subsection.8.3}{Class ArchivoTableFiller}{section.8}
\BOOKMARK [3][-]{subsubsection.8.3.1}{Methods}{subsection.8.3}
\BOOKMARK [3][-]{subsubsection.8.3.2}{Class Variables}{subsection.8.3}
\BOOKMARK [2][-]{subsection.8.4}{Class AddArchivo}{section.8}
\BOOKMARK [3][-]{subsubsection.8.4.1}{Class Variables}{subsection.8.4}
\BOOKMARK [2][-]{subsection.8.5}{Class ArchivoController}{section.8}
\BOOKMARK [3][-]{subsubsection.8.5.1}{Methods}{subsection.8.5}
\BOOKMARK [3][-]{subsubsection.8.5.2}{Class Variables}{subsection.8.5}
\BOOKMARK [1][-]{section.9}{Module saip.controllers.archivo\137controller\137listado}{}
\BOOKMARK [2][-]{subsection.9.1}{Variables}{section.9}
\BOOKMARK [2][-]{subsection.9.2}{Class ArchivoTable}{section.9}
\BOOKMARK [3][-]{subsubsection.9.2.1}{Class Variables}{subsection.9.2}
\BOOKMARK [2][-]{subsection.9.3}{Class ArchivoTableFiller}{section.9}
\BOOKMARK [3][-]{subsubsection.9.3.1}{Methods}{subsection.9.3}
\BOOKMARK [3][-]{subsubsection.9.3.2}{Class Variables}{subsection.9.3}
\BOOKMARK [2][-]{subsection.9.4}{Class AddArchivo}{section.9}
\BOOKMARK [3][-]{subsubsection.9.4.1}{Class Variables}{subsection.9.4}
\BOOKMARK [2][-]{subsection.9.5}{Class ArchivoControllerListado}{section.9}
\BOOKMARK [3][-]{subsubsection.9.5.1}{Methods}{subsection.9.5}
\BOOKMARK [3][-]{subsubsection.9.5.2}{Class Variables}{subsection.9.5}
\BOOKMARK [1][-]{section.10}{Module saip.controllers.borrado\137controller}{}
\BOOKMARK [2][-]{subsection.10.1}{Variables}{section.10}
\BOOKMARK [2][-]{subsection.10.2}{Class ItemTable}{section.10}
\BOOKMARK [3][-]{subsubsection.10.2.1}{Class Variables}{subsection.10.2}
\BOOKMARK [2][-]{subsection.10.3}{Class ItemTableFiller}{section.10}
\BOOKMARK [3][-]{subsubsection.10.3.1}{Methods}{subsection.10.3}
\BOOKMARK [3][-]{subsubsection.10.3.2}{Class Variables}{subsection.10.3}
\BOOKMARK [2][-]{subsection.10.4}{Class BorradoController}{section.10}
\BOOKMARK [3][-]{subsubsection.10.4.1}{Methods}{subsection.10.4}
\BOOKMARK [3][-]{subsubsection.10.4.2}{Class Variables}{subsection.10.4}
\BOOKMARK [1][-]{section.11}{Module saip.controllers.caracteristica\137controller}{}
\BOOKMARK [2][-]{subsection.11.1}{Variables}{section.11}
\BOOKMARK [2][-]{subsection.11.2}{Class CaracteristicaTable}{section.11}
\BOOKMARK [3][-]{subsubsection.11.2.1}{Class Variables}{subsection.11.2}
\BOOKMARK [2][-]{subsection.11.3}{Class CaracteristicaTableFiller}{section.11}
\BOOKMARK [3][-]{subsubsection.11.3.1}{Methods}{subsection.11.3}
\BOOKMARK [3][-]{subsubsection.11.3.2}{Class Variables}{subsection.11.3}
\BOOKMARK [2][-]{subsection.11.4}{Class AddCaracteristica}{section.11}
\BOOKMARK [3][-]{subsubsection.11.4.1}{Class Variables}{subsection.11.4}
\BOOKMARK [2][-]{subsection.11.5}{Class CaracteristicaController}{section.11}
\BOOKMARK [3][-]{subsubsection.11.5.1}{Methods}{subsection.11.5}
\BOOKMARK [3][-]{subsubsection.11.5.2}{Class Variables}{subsection.11.5}
\BOOKMARK [1][-]{section.12}{Module saip.controllers.desarrollo\137controller}{}
\BOOKMARK [2][-]{subsection.12.1}{Class DesarrolloController}{section.12}
\BOOKMARK [3][-]{subsubsection.12.1.1}{Methods}{subsection.12.1}
\BOOKMARK [3][-]{subsubsection.12.1.2}{Class Variables}{subsection.12.1}
\BOOKMARK [1][-]{section.13}{Module saip.controllers.desarrollo\137fase\137controller}{}
\BOOKMARK [2][-]{subsection.13.1}{Variables}{section.13}
\BOOKMARK [2][-]{subsection.13.2}{Class FaseTable}{section.13}
\BOOKMARK [3][-]{subsubsection.13.2.1}{Class Variables}{subsection.13.2}
\BOOKMARK [2][-]{subsection.13.3}{Class FaseTableFiller}{section.13}
\BOOKMARK [3][-]{subsubsection.13.3.1}{Methods}{subsection.13.3}
\BOOKMARK [3][-]{subsubsection.13.3.2}{Class Variables}{subsection.13.3}
\BOOKMARK [2][-]{subsection.13.4}{Class DesarrolloFaseController}{section.13}
\BOOKMARK [3][-]{subsubsection.13.4.1}{Methods}{subsection.13.4}
\BOOKMARK [3][-]{subsubsection.13.4.2}{Class Variables}{subsection.13.4}
\BOOKMARK [1][-]{section.14}{Module saip.controllers.desarrollo\137proyecto\137controller}{}
\BOOKMARK [2][-]{subsection.14.1}{Variables}{section.14}
\BOOKMARK [2][-]{subsection.14.2}{Class ProyectoTable}{section.14}
\BOOKMARK [3][-]{subsubsection.14.2.1}{Class Variables}{subsection.14.2}
\BOOKMARK [2][-]{subsection.14.3}{Class ProyectoTableFiller}{section.14}
\BOOKMARK [3][-]{subsubsection.14.3.1}{Methods}{subsection.14.3}
\BOOKMARK [3][-]{subsubsection.14.3.2}{Class Variables}{subsection.14.3}
\BOOKMARK [2][-]{subsection.14.4}{Class DesarrolloProyectoController}{section.14}
\BOOKMARK [3][-]{subsubsection.14.4.1}{Methods}{subsection.14.4}
\BOOKMARK [3][-]{subsubsection.14.4.2}{Class Variables}{subsection.14.4}
\BOOKMARK [1][-]{section.15}{Module saip.controllers.error}{}
\BOOKMARK [2][-]{subsection.15.1}{Class ErrorController}{section.15}
\BOOKMARK [3][-]{subsubsection.15.1.1}{Methods}{subsection.15.1}
\BOOKMARK [3][-]{subsubsection.15.1.2}{Properties}{subsection.15.1}
\BOOKMARK [1][-]{section.16}{Module saip.controllers.fase\137controller}{}
\BOOKMARK [2][-]{subsection.16.1}{Variables}{section.16}
\BOOKMARK [2][-]{subsection.16.2}{Class ValidarExpresion}{section.16}
\BOOKMARK [3][-]{subsubsection.16.2.1}{Class Variables}{subsection.16.2}
\BOOKMARK [2][-]{subsection.16.3}{Class Unico}{section.16}
\BOOKMARK [2][-]{subsection.16.4}{Class FaseTable}{section.16}
\BOOKMARK [3][-]{subsubsection.16.4.1}{Class Variables}{subsection.16.4}
\BOOKMARK [2][-]{subsection.16.5}{Class FaseTableFiller}{section.16}
\BOOKMARK [3][-]{subsubsection.16.5.1}{Methods}{subsection.16.5}
\BOOKMARK [3][-]{subsubsection.16.5.2}{Class Variables}{subsection.16.5}
\BOOKMARK [2][-]{subsection.16.6}{Class OrdenFieldNew}{section.16}
\BOOKMARK [3][-]{subsubsection.16.6.1}{Methods}{subsection.16.6}
\BOOKMARK [2][-]{subsection.16.7}{Class OrdenFieldEdit}{section.16}
\BOOKMARK [3][-]{subsubsection.16.7.1}{Methods}{subsection.16.7}
\BOOKMARK [2][-]{subsection.16.8}{Class AddFase}{section.16}
\BOOKMARK [3][-]{subsubsection.16.8.1}{Class Variables}{subsection.16.8}
\BOOKMARK [2][-]{subsection.16.9}{Class EditFase}{section.16}
\BOOKMARK [3][-]{subsubsection.16.9.1}{Class Variables}{subsection.16.9}
\BOOKMARK [2][-]{subsection.16.10}{Class FaseEditFiller}{section.16}
\BOOKMARK [3][-]{subsubsection.16.10.1}{Class Variables}{subsection.16.10}
\BOOKMARK [2][-]{subsection.16.11}{Class FaseController}{section.16}
\BOOKMARK [3][-]{subsubsection.16.11.1}{Methods}{subsection.16.11}
\BOOKMARK [3][-]{subsubsection.16.11.2}{Class Variables}{subsection.16.11}
\BOOKMARK [1][-]{section.17}{Module saip.controllers.fase\137controller\1372}{}
\BOOKMARK [2][-]{subsection.17.1}{Variables}{section.17}
\BOOKMARK [2][-]{subsection.17.2}{Class FaseTable}{section.17}
\BOOKMARK [3][-]{subsubsection.17.2.1}{Class Variables}{subsection.17.2}
\BOOKMARK [2][-]{subsection.17.3}{Class FaseTableFiller}{section.17}
\BOOKMARK [3][-]{subsubsection.17.3.1}{Methods}{subsection.17.3}
\BOOKMARK [3][-]{subsubsection.17.3.2}{Class Variables}{subsection.17.3}
\BOOKMARK [2][-]{subsection.17.4}{Class FaseControllerNuevo}{section.17}
\BOOKMARK [3][-]{subsubsection.17.4.1}{Methods}{subsection.17.4}
\BOOKMARK [3][-]{subsubsection.17.4.2}{Class Variables}{subsection.17.4}
\BOOKMARK [1][-]{section.18}{Module saip.controllers.ficha\137fase\137controller}{}
\BOOKMARK [2][-]{subsection.18.1}{Variables}{section.18}
\BOOKMARK [2][-]{subsection.18.2}{Class FichaTable}{section.18}
\BOOKMARK [3][-]{subsubsection.18.2.1}{Class Variables}{subsection.18.2}
\BOOKMARK [2][-]{subsection.18.3}{Class FichaTableFiller}{section.18}
\BOOKMARK [3][-]{subsubsection.18.3.1}{Methods}{subsection.18.3}
\BOOKMARK [3][-]{subsubsection.18.3.2}{Class Variables}{subsection.18.3}
\BOOKMARK [2][-]{subsection.18.4}{Class RolesField}{section.18}
\BOOKMARK [2][-]{subsection.18.5}{Class AddFicha}{section.18}
\BOOKMARK [3][-]{subsubsection.18.5.1}{Class Variables}{subsection.18.5}
\BOOKMARK [2][-]{subsection.18.6}{Class FichaFaseController}{section.18}
\BOOKMARK [3][-]{subsubsection.18.6.1}{Methods}{subsection.18.6}
\BOOKMARK [3][-]{subsubsection.18.6.2}{Class Variables}{subsection.18.6}
\BOOKMARK [1][-]{section.19}{Module saip.controllers.ficha\137proyecto\137controller}{}
\BOOKMARK [2][-]{subsection.19.1}{Variables}{section.19}
\BOOKMARK [2][-]{subsection.19.2}{Class FichaTable}{section.19}
\BOOKMARK [3][-]{subsubsection.19.2.1}{Class Variables}{subsection.19.2}
\BOOKMARK [2][-]{subsection.19.3}{Class FichaTableFiller}{section.19}
\BOOKMARK [3][-]{subsubsection.19.3.1}{Methods}{subsection.19.3}
\BOOKMARK [3][-]{subsubsection.19.3.2}{Class Variables}{subsection.19.3}
\BOOKMARK [2][-]{subsection.19.4}{Class RolesField}{section.19}
\BOOKMARK [2][-]{subsection.19.5}{Class AddFicha}{section.19}
\BOOKMARK [3][-]{subsubsection.19.5.1}{Class Variables}{subsection.19.5}
\BOOKMARK [2][-]{subsection.19.6}{Class FichaProyectoController}{section.19}
\BOOKMARK [3][-]{subsubsection.19.6.1}{Methods}{subsection.19.6}
\BOOKMARK [3][-]{subsubsection.19.6.2}{Class Variables}{subsection.19.6}
\BOOKMARK [1][-]{section.20}{Module saip.controllers.ficha\137sistema\137controller}{}
\BOOKMARK [2][-]{subsection.20.1}{Variables}{section.20}
\BOOKMARK [2][-]{subsection.20.2}{Class FichaTable}{section.20}
\BOOKMARK [3][-]{subsubsection.20.2.1}{Class Variables}{subsection.20.2}
\BOOKMARK [2][-]{subsection.20.3}{Class FichaTableFiller}{section.20}
\BOOKMARK [3][-]{subsubsection.20.3.1}{Methods}{subsection.20.3}
\BOOKMARK [3][-]{subsubsection.20.3.2}{Class Variables}{subsection.20.3}
\BOOKMARK [2][-]{subsection.20.4}{Class RolesField}{section.20}
\BOOKMARK [2][-]{subsection.20.5}{Class AddFicha}{section.20}
\BOOKMARK [3][-]{subsubsection.20.5.1}{Class Variables}{subsection.20.5}
\BOOKMARK [2][-]{subsection.20.6}{Class FichaSistemaController}{section.20}
\BOOKMARK [3][-]{subsubsection.20.6.1}{Methods}{subsection.20.6}
\BOOKMARK [3][-]{subsubsection.20.6.2}{Class Variables}{subsection.20.6}
\BOOKMARK [1][-]{section.21}{Module saip.controllers.ficha\137usuario\137controller}{}
\BOOKMARK [2][-]{subsection.21.1}{Variables}{section.21}
\BOOKMARK [2][-]{subsection.21.2}{Class FichaTable}{section.21}
\BOOKMARK [3][-]{subsubsection.21.2.1}{Class Variables}{subsection.21.2}
\BOOKMARK [2][-]{subsection.21.3}{Class FichaTableFiller}{section.21}
\BOOKMARK [3][-]{subsubsection.21.3.1}{Methods}{subsection.21.3}
\BOOKMARK [3][-]{subsubsection.21.3.2}{Class Variables}{subsection.21.3}
\BOOKMARK [2][-]{subsection.21.4}{Class FichaUsuarioController}{section.21}
\BOOKMARK [3][-]{subsubsection.21.4.1}{Methods}{subsection.21.4}
\BOOKMARK [3][-]{subsubsection.21.4.2}{Class Variables}{subsection.21.4}
\BOOKMARK [1][-]{section.22}{Module saip.controllers.gestion\137controller}{}
\BOOKMARK [2][-]{subsection.22.1}{Class GestionController}{section.22}
\BOOKMARK [3][-]{subsubsection.22.1.1}{Methods}{subsection.22.1}
\BOOKMARK [3][-]{subsubsection.22.1.2}{Class Variables}{subsection.22.1}
\BOOKMARK [1][-]{section.23}{Module saip.controllers.gestion\137fase\137controller}{}
\BOOKMARK [2][-]{subsection.23.1}{Variables}{section.23}
\BOOKMARK [2][-]{subsection.23.2}{Class FaseTable}{section.23}
\BOOKMARK [3][-]{subsubsection.23.2.1}{Class Variables}{subsection.23.2}
\BOOKMARK [2][-]{subsection.23.3}{Class FaseTableFiller}{section.23}
\BOOKMARK [3][-]{subsubsection.23.3.1}{Methods}{subsection.23.3}
\BOOKMARK [3][-]{subsubsection.23.3.2}{Class Variables}{subsection.23.3}
\BOOKMARK [2][-]{subsection.23.4}{Class GestionFaseController}{section.23}
\BOOKMARK [3][-]{subsubsection.23.4.1}{Methods}{subsection.23.4}
\BOOKMARK [3][-]{subsubsection.23.4.2}{Class Variables}{subsection.23.4}
\BOOKMARK [1][-]{section.24}{Module saip.controllers.gestion\137proyecto\137controller}{}
\BOOKMARK [2][-]{subsection.24.1}{Variables}{section.24}
\BOOKMARK [2][-]{subsection.24.2}{Class ProyectoTable}{section.24}
\BOOKMARK [3][-]{subsubsection.24.2.1}{Class Variables}{subsection.24.2}
\BOOKMARK [2][-]{subsection.24.3}{Class ProyectoTableFiller}{section.24}
\BOOKMARK [3][-]{subsubsection.24.3.1}{Methods}{subsection.24.3}
\BOOKMARK [3][-]{subsubsection.24.3.2}{Class Variables}{subsection.24.3}
\BOOKMARK [2][-]{subsection.24.4}{Class GestionProyectoController}{section.24}
\BOOKMARK [3][-]{subsubsection.24.4.1}{Methods}{subsection.24.4}
\BOOKMARK [3][-]{subsubsection.24.4.2}{Class Variables}{subsection.24.4}
\BOOKMARK [1][-]{section.25}{Module saip.controllers.item\137controller}{}
\BOOKMARK [2][-]{subsection.25.1}{Variables}{section.25}
\BOOKMARK [2][-]{subsection.25.2}{Class ItemTable}{section.25}
\BOOKMARK [3][-]{subsubsection.25.2.1}{Class Variables}{subsection.25.2}
\BOOKMARK [2][-]{subsection.25.3}{Class ItemTableFiller}{section.25}
\BOOKMARK [3][-]{subsubsection.25.3.1}{Methods}{subsection.25.3}
\BOOKMARK [3][-]{subsubsection.25.3.2}{Class Variables}{subsection.25.3}
\BOOKMARK [2][-]{subsection.25.4}{Class AddItem}{section.25}
\BOOKMARK [3][-]{subsubsection.25.4.1}{Class Variables}{subsection.25.4}
\BOOKMARK [2][-]{subsection.25.5}{Class EditItem}{section.25}
\BOOKMARK [3][-]{subsubsection.25.5.1}{Class Variables}{subsection.25.5}
\BOOKMARK [2][-]{subsection.25.6}{Class ItemEditFiller}{section.25}
\BOOKMARK [3][-]{subsubsection.25.6.1}{Class Variables}{subsection.25.6}
\BOOKMARK [2][-]{subsection.25.7}{Class ItemController}{section.25}
\BOOKMARK [3][-]{subsubsection.25.7.1}{Methods}{subsection.25.7}
\BOOKMARK [3][-]{subsubsection.25.7.2}{Class Variables}{subsection.25.7}
\BOOKMARK [1][-]{section.26}{Module saip.controllers.item\137controller\137listado}{}
\BOOKMARK [2][-]{subsection.26.1}{Variables}{section.26}
\BOOKMARK [2][-]{subsection.26.2}{Class ItemTable}{section.26}
\BOOKMARK [3][-]{subsubsection.26.2.1}{Class Variables}{subsection.26.2}
\BOOKMARK [2][-]{subsection.26.3}{Class ItemTableFiller}{section.26}
\BOOKMARK [3][-]{subsubsection.26.3.1}{Methods}{subsection.26.3}
\BOOKMARK [3][-]{subsubsection.26.3.2}{Class Variables}{subsection.26.3}
\BOOKMARK [2][-]{subsection.26.4}{Class AddItem}{section.26}
\BOOKMARK [3][-]{subsubsection.26.4.1}{Class Variables}{subsection.26.4}
\BOOKMARK [2][-]{subsection.26.5}{Class EditItem}{section.26}
\BOOKMARK [3][-]{subsubsection.26.5.1}{Class Variables}{subsection.26.5}
\BOOKMARK [2][-]{subsection.26.6}{Class ItemEditFiller}{section.26}
\BOOKMARK [3][-]{subsubsection.26.6.1}{Class Variables}{subsection.26.6}
\BOOKMARK [2][-]{subsection.26.7}{Class ItemControllerListado}{section.26}
\BOOKMARK [3][-]{subsubsection.26.7.1}{Methods}{subsection.26.7}
\BOOKMARK [3][-]{subsubsection.26.7.2}{Class Variables}{subsection.26.7}
\BOOKMARK [1][-]{section.27}{Module saip.controllers.linea\137base\137controller}{}
\BOOKMARK [2][-]{subsection.27.1}{Functions}{section.27}
\BOOKMARK [2][-]{subsection.27.2}{Variables}{section.27}
\BOOKMARK [2][-]{subsection.27.3}{Class LineaBaseTable}{section.27}
\BOOKMARK [3][-]{subsubsection.27.3.1}{Class Variables}{subsection.27.3}
\BOOKMARK [2][-]{subsection.27.4}{Class LineaBaseTableFiller}{section.27}
\BOOKMARK [3][-]{subsubsection.27.4.1}{Methods}{subsection.27.4}
\BOOKMARK [3][-]{subsubsection.27.4.2}{Class Variables}{subsection.27.4}
\BOOKMARK [2][-]{subsection.27.5}{Class ItemsField}{section.27}
\BOOKMARK [3][-]{subsubsection.27.5.1}{Methods}{subsection.27.5}
\BOOKMARK [3][-]{subsubsection.27.5.2}{Class Variables}{subsection.27.5}
\BOOKMARK [2][-]{subsection.27.6}{Class AddLineaBase}{section.27}
\BOOKMARK [3][-]{subsubsection.27.6.1}{Class Variables}{subsection.27.6}
\BOOKMARK [2][-]{subsection.27.7}{Class LineaBaseController}{section.27}
\BOOKMARK [3][-]{subsubsection.27.7.1}{Methods}{subsection.27.7}
\BOOKMARK [3][-]{subsubsection.27.7.2}{Class Variables}{subsection.27.7}
\BOOKMARK [1][-]{section.28}{Module saip.controllers.proyecto\137controller}{}
\BOOKMARK [2][-]{subsection.28.1}{Variables}{section.28}
\BOOKMARK [2][-]{subsection.28.2}{Class Unico}{section.28}
\BOOKMARK [2][-]{subsection.28.3}{Class ValidarExpresion}{section.28}
\BOOKMARK [3][-]{subsubsection.28.3.1}{Class Variables}{subsection.28.3}
\BOOKMARK [2][-]{subsection.28.4}{Class ProyectoTable}{section.28}
\BOOKMARK [3][-]{subsubsection.28.4.1}{Class Variables}{subsection.28.4}
\BOOKMARK [2][-]{subsection.28.5}{Class ProyectoTableFiller}{section.28}
\BOOKMARK [3][-]{subsubsection.28.5.1}{Methods}{subsection.28.5}
\BOOKMARK [3][-]{subsubsection.28.5.2}{Class Variables}{subsection.28.5}
\BOOKMARK [2][-]{subsection.28.6}{Class NroValido}{section.28}
\BOOKMARK [2][-]{subsection.28.7}{Class AddProyecto}{section.28}
\BOOKMARK [3][-]{subsubsection.28.7.1}{Class Variables}{subsection.28.7}
\BOOKMARK [2][-]{subsection.28.8}{Class CantidadFasesField}{section.28}
\BOOKMARK [3][-]{subsubsection.28.8.1}{Methods}{subsection.28.8}
\BOOKMARK [2][-]{subsection.28.9}{Class EditProyecto}{section.28}
\BOOKMARK [3][-]{subsubsection.28.9.1}{Class Variables}{subsection.28.9}
\BOOKMARK [2][-]{subsection.28.10}{Class ProyectoEditFiller}{section.28}
\BOOKMARK [3][-]{subsubsection.28.10.1}{Class Variables}{subsection.28.10}
\BOOKMARK [2][-]{subsection.28.11}{Class ProyectoController}{section.28}
\BOOKMARK [3][-]{subsubsection.28.11.1}{Methods}{subsection.28.11}
\BOOKMARK [3][-]{subsubsection.28.11.2}{Class Variables}{subsection.28.11}
\BOOKMARK [1][-]{section.29}{Module saip.controllers.proyecto\137controller\1372}{}
\BOOKMARK [2][-]{subsection.29.1}{Variables}{section.29}
\BOOKMARK [2][-]{subsection.29.2}{Class ProyectoTable}{section.29}
\BOOKMARK [3][-]{subsubsection.29.2.1}{Class Variables}{subsection.29.2}
\BOOKMARK [2][-]{subsection.29.3}{Class ProyectoTableFiller}{section.29}
\BOOKMARK [3][-]{subsubsection.29.3.1}{Methods}{subsection.29.3}
\BOOKMARK [3][-]{subsubsection.29.3.2}{Class Variables}{subsection.29.3}
\BOOKMARK [2][-]{subsection.29.4}{Class ProyectoControllerNuevo}{section.29}
\BOOKMARK [3][-]{subsubsection.29.4.1}{Methods}{subsection.29.4}
\BOOKMARK [3][-]{subsubsection.29.4.2}{Class Variables}{subsection.29.4}
\BOOKMARK [1][-]{section.30}{Module saip.controllers.relacion\137controller}{}
\BOOKMARK [2][-]{subsection.30.1}{Variables}{section.30}
\BOOKMARK [2][-]{subsection.30.2}{Class RelacionTable}{section.30}
\BOOKMARK [3][-]{subsubsection.30.2.1}{Class Variables}{subsection.30.2}
\BOOKMARK [2][-]{subsection.30.3}{Class RelacionTableFiller}{section.30}
\BOOKMARK [3][-]{subsubsection.30.3.1}{Methods}{subsection.30.3}
\BOOKMARK [3][-]{subsubsection.30.3.2}{Class Variables}{subsection.30.3}
\BOOKMARK [2][-]{subsection.30.4}{Class AddRelacion}{section.30}
\BOOKMARK [3][-]{subsubsection.30.4.1}{Class Variables}{subsection.30.4}
\BOOKMARK [2][-]{subsection.30.5}{Class RelacionController}{section.30}
\BOOKMARK [3][-]{subsubsection.30.5.1}{Methods}{subsection.30.5}
\BOOKMARK [3][-]{subsubsection.30.5.2}{Class Variables}{subsection.30.5}
\BOOKMARK [1][-]{section.31}{Module saip.controllers.relacion\137controller\137listado}{}
\BOOKMARK [2][-]{subsection.31.1}{Variables}{section.31}
\BOOKMARK [2][-]{subsection.31.2}{Class RelacionTable}{section.31}
\BOOKMARK [3][-]{subsubsection.31.2.1}{Class Variables}{subsection.31.2}
\BOOKMARK [2][-]{subsection.31.3}{Class RelacionTableFiller}{section.31}
\BOOKMARK [3][-]{subsubsection.31.3.1}{Methods}{subsection.31.3}
\BOOKMARK [3][-]{subsubsection.31.3.2}{Class Variables}{subsection.31.3}
\BOOKMARK [2][-]{subsection.31.4}{Class AddRelacion}{section.31}
\BOOKMARK [3][-]{subsubsection.31.4.1}{Class Variables}{subsection.31.4}
\BOOKMARK [2][-]{subsection.31.5}{Class RelacionControllerListado}{section.31}
\BOOKMARK [3][-]{subsubsection.31.5.1}{Methods}{subsection.31.5}
\BOOKMARK [3][-]{subsubsection.31.5.2}{Class Variables}{subsection.31.5}
\BOOKMARK [1][-]{section.32}{Module saip.controllers.revision\137controller}{}
\BOOKMARK [2][-]{subsection.32.1}{Variables}{section.32}
\BOOKMARK [2][-]{subsection.32.2}{Class RevisionTable}{section.32}
\BOOKMARK [3][-]{subsubsection.32.2.1}{Class Variables}{subsection.32.2}
\BOOKMARK [2][-]{subsection.32.3}{Class RevisionTableFiller}{section.32}
\BOOKMARK [3][-]{subsubsection.32.3.1}{Methods}{subsection.32.3}
\BOOKMARK [3][-]{subsubsection.32.3.2}{Class Variables}{subsection.32.3}
\BOOKMARK [2][-]{subsection.32.4}{Class RevisionController}{section.32}
\BOOKMARK [3][-]{subsubsection.32.4.1}{Methods}{subsection.32.4}
\BOOKMARK [3][-]{subsubsection.32.4.2}{Class Variables}{subsection.32.4}
\BOOKMARK [1][-]{section.33}{Module saip.controllers.rol\137controller}{}
\BOOKMARK [2][-]{subsection.33.1}{Variables}{section.33}
\BOOKMARK [2][-]{subsection.33.2}{Class ValidarExpresion}{section.33}
\BOOKMARK [3][-]{subsubsection.33.2.1}{Class Variables}{subsection.33.2}
\BOOKMARK [2][-]{subsection.33.3}{Class RolTable}{section.33}
\BOOKMARK [3][-]{subsubsection.33.3.1}{Class Variables}{subsection.33.3}
\BOOKMARK [2][-]{subsection.33.4}{Class RolTableFiller}{section.33}
\BOOKMARK [3][-]{subsubsection.33.4.1}{Methods}{subsection.33.4}
\BOOKMARK [3][-]{subsubsection.33.4.2}{Class Variables}{subsection.33.4}
\BOOKMARK [2][-]{subsection.33.5}{Class AddRol}{section.33}
\BOOKMARK [3][-]{subsubsection.33.5.1}{Class Variables}{subsection.33.5}
\BOOKMARK [2][-]{subsection.33.6}{Class PermisosField}{section.33}
\BOOKMARK [3][-]{subsubsection.33.6.1}{Methods}{subsection.33.6}
\BOOKMARK [3][-]{subsubsection.33.6.2}{Class Variables}{subsection.33.6}
\BOOKMARK [2][-]{subsection.33.7}{Class EditRol}{section.33}
\BOOKMARK [3][-]{subsubsection.33.7.1}{Class Variables}{subsection.33.7}
\BOOKMARK [2][-]{subsection.33.8}{Class RolEditFiller}{section.33}
\BOOKMARK [3][-]{subsubsection.33.8.1}{Class Variables}{subsection.33.8}
\BOOKMARK [2][-]{subsection.33.9}{Class RolController}{section.33}
\BOOKMARK [3][-]{subsubsection.33.9.1}{Methods}{subsection.33.9}
\BOOKMARK [3][-]{subsubsection.33.9.2}{Class Variables}{subsection.33.9}
\BOOKMARK [1][-]{section.34}{Module saip.controllers.root}{}
\BOOKMARK [2][-]{subsection.34.1}{Class RootController}{section.34}
\BOOKMARK [3][-]{subsubsection.34.1.1}{Methods}{subsection.34.1}
\BOOKMARK [3][-]{subsubsection.34.1.2}{Class Variables}{subsection.34.1}
\BOOKMARK [1][-]{section.35}{Module saip.controllers.secure}{}
\BOOKMARK [2][-]{subsection.35.1}{Class SecureController}{section.35}
\BOOKMARK [3][-]{subsubsection.35.1.1}{Methods}{subsection.35.1}
\BOOKMARK [3][-]{subsubsection.35.1.2}{Class Variables}{subsection.35.1}
\BOOKMARK [1][-]{section.36}{Module saip.controllers.template}{}
\BOOKMARK [2][-]{subsection.36.1}{Class TemplateController}{section.36}
\BOOKMARK [3][-]{subsubsection.36.1.1}{Methods}{subsection.36.1}
\BOOKMARK [1][-]{section.37}{Module saip.controllers.tipo\137item\137controller}{}
\BOOKMARK [2][-]{subsection.37.1}{Variables}{section.37}
\BOOKMARK [2][-]{subsection.37.2}{Class ValidarExpresion}{section.37}
\BOOKMARK [3][-]{subsubsection.37.2.1}{Class Variables}{subsection.37.2}
\BOOKMARK [2][-]{subsection.37.3}{Class Unico}{section.37}
\BOOKMARK [2][-]{subsection.37.4}{Class CodigoUnico}{section.37}
\BOOKMARK [2][-]{subsection.37.5}{Class TipoItemTable}{section.37}
\BOOKMARK [3][-]{subsubsection.37.5.1}{Class Variables}{subsection.37.5}
\BOOKMARK [2][-]{subsection.37.6}{Class TipoItemTableFiller}{section.37}
\BOOKMARK [3][-]{subsubsection.37.6.1}{Methods}{subsection.37.6}
\BOOKMARK [3][-]{subsubsection.37.6.2}{Class Variables}{subsection.37.6}
\BOOKMARK [2][-]{subsection.37.7}{Class AddTipoItem}{section.37}
\BOOKMARK [3][-]{subsubsection.37.7.1}{Class Variables}{subsection.37.7}
\BOOKMARK [2][-]{subsection.37.8}{Class EditTipoItem}{section.37}
\BOOKMARK [3][-]{subsubsection.37.8.1}{Class Variables}{subsection.37.8}
\BOOKMARK [2][-]{subsection.37.9}{Class TipoItemEditFiller}{section.37}
\BOOKMARK [3][-]{subsubsection.37.9.1}{Class Variables}{subsection.37.9}
\BOOKMARK [2][-]{subsection.37.10}{Class TipoItemController}{section.37}
\BOOKMARK [3][-]{subsubsection.37.10.1}{Methods}{subsection.37.10}
\BOOKMARK [3][-]{subsubsection.37.10.2}{Class Variables}{subsection.37.10}
\BOOKMARK [1][-]{section.38}{Module saip.controllers.tipo\137item\137controller\137nuevo}{}
\BOOKMARK [2][-]{subsection.38.1}{Variables}{section.38}
\BOOKMARK [2][-]{subsection.38.2}{Class TipoItemTable}{section.38}
\BOOKMARK [3][-]{subsubsection.38.2.1}{Class Variables}{subsection.38.2}
\BOOKMARK [2][-]{subsection.38.3}{Class TipoItemTableFiller}{section.38}
\BOOKMARK [3][-]{subsubsection.38.3.1}{Methods}{subsection.38.3}
\BOOKMARK [3][-]{subsubsection.38.3.2}{Class Variables}{subsection.38.3}
\BOOKMARK [2][-]{subsection.38.4}{Class TipoItemControllerNuevo}{section.38}
\BOOKMARK [3][-]{subsubsection.38.4.1}{Methods}{subsection.38.4}
\BOOKMARK [3][-]{subsubsection.38.4.2}{Class Variables}{subsection.38.4}
\BOOKMARK [1][-]{section.39}{Module saip.controllers.usuario\137controller}{}
\BOOKMARK [2][-]{subsection.39.1}{Variables}{section.39}
\BOOKMARK [2][-]{subsection.39.2}{Class UsuarioTable}{section.39}
\BOOKMARK [3][-]{subsubsection.39.2.1}{Class Variables}{subsection.39.2}
\BOOKMARK [2][-]{subsection.39.3}{Class UsuarioTableFiller}{section.39}
\BOOKMARK [3][-]{subsubsection.39.3.1}{Methods}{subsection.39.3}
\BOOKMARK [3][-]{subsubsection.39.3.2}{Class Variables}{subsection.39.3}
\BOOKMARK [2][-]{subsection.39.4}{Class Unico}{section.39}
\BOOKMARK [2][-]{subsection.39.5}{Class AddUsuario}{section.39}
\BOOKMARK [3][-]{subsubsection.39.5.1}{Class Variables}{subsection.39.5}
\BOOKMARK [2][-]{subsection.39.6}{Class EditUsuario}{section.39}
\BOOKMARK [3][-]{subsubsection.39.6.1}{Class Variables}{subsection.39.6}
\BOOKMARK [2][-]{subsection.39.7}{Class UsuarioEditFiller}{section.39}
\BOOKMARK [3][-]{subsubsection.39.7.1}{Class Variables}{subsection.39.7}
\BOOKMARK [2][-]{subsection.39.8}{Class UsuarioController}{section.39}
\BOOKMARK [3][-]{subsubsection.39.8.1}{Methods}{subsection.39.8}
\BOOKMARK [3][-]{subsubsection.39.8.2}{Class Variables}{subsection.39.8}
\BOOKMARK [1][-]{section.40}{Module saip.controllers.version\137controller}{}
\BOOKMARK [2][-]{subsection.40.1}{Variables}{section.40}
\BOOKMARK [2][-]{subsection.40.2}{Class ItemTable}{section.40}
\BOOKMARK [3][-]{subsubsection.40.2.1}{Class Variables}{subsection.40.2}
\BOOKMARK [2][-]{subsection.40.3}{Class ItemTableFiller}{section.40}
\BOOKMARK [3][-]{subsubsection.40.3.1}{Methods}{subsection.40.3}
\BOOKMARK [3][-]{subsubsection.40.3.2}{Class Variables}{subsection.40.3}
\BOOKMARK [2][-]{subsection.40.4}{Class VersionController}{section.40}
\BOOKMARK [3][-]{subsubsection.40.4.1}{Methods}{subsection.40.4}
\BOOKMARK [3][-]{subsubsection.40.4.2}{Class Variables}{subsection.40.4}
\BOOKMARK [1][-]{section.41}{Package saip.lib}{}
\BOOKMARK [2][-]{subsection.41.1}{Modules}{section.41}
\BOOKMARK [2][-]{subsection.41.2}{Variables}{section.41}
\BOOKMARK [1][-]{section.42}{Module saip.lib.app\137globals}{}
\BOOKMARK [2][-]{subsection.42.1}{Class Globals}{section.42}
\BOOKMARK [3][-]{subsubsection.42.1.1}{Methods}{subsection.42.1}
\BOOKMARK [3][-]{subsubsection.42.1.2}{Properties}{subsection.42.1}
\BOOKMARK [1][-]{section.43}{Module saip.lib.auth}{}
\BOOKMARK [2][-]{subsection.43.1}{Class TieneAlgunPermiso}{section.43}
\BOOKMARK [3][-]{subsubsection.43.1.1}{Methods}{subsection.43.1}
\BOOKMARK [3][-]{subsubsection.43.1.2}{Class Variables}{subsection.43.1}
\BOOKMARK [2][-]{subsection.43.2}{Class TienePermiso}{section.43}
\BOOKMARK [3][-]{subsubsection.43.2.1}{Methods}{subsection.43.2}
\BOOKMARK [3][-]{subsubsection.43.2.2}{Class Variables}{subsection.43.2}
\BOOKMARK [1][-]{section.44}{Module saip.lib.base}{}
\BOOKMARK [2][-]{subsection.44.1}{Class BaseController}{section.44}
\BOOKMARK [3][-]{subsubsection.44.1.1}{Methods}{subsection.44.1}
\BOOKMARK [1][-]{section.45}{Module saip.lib.func}{}
\BOOKMARK [2][-]{subsection.45.1}{Functions}{section.45}
\BOOKMARK [1][-]{section.46}{Module saip.lib.helpers}{}
\BOOKMARK [1][-]{section.47}{Package saip.model}{}
\BOOKMARK [2][-]{subsection.47.1}{Modules}{section.47}
\BOOKMARK [2][-]{subsection.47.2}{Functions}{section.47}
\BOOKMARK [2][-]{subsection.47.3}{Variables}{section.47}
\BOOKMARK [1][-]{section.48}{Module saip.model.app}{}
\BOOKMARK [2][-]{subsection.48.1}{Class Proyecto}{section.48}
\BOOKMARK [3][-]{subsubsection.48.1.1}{Class Variables}{subsection.48.1}
\BOOKMARK [2][-]{subsection.48.2}{Class Fase}{section.48}
\BOOKMARK [3][-]{subsubsection.48.2.1}{Class Variables}{subsection.48.2}
\BOOKMARK [2][-]{subsection.48.3}{Class TipoItem}{section.48}
\BOOKMARK [3][-]{subsubsection.48.3.1}{Class Variables}{subsection.48.3}
\BOOKMARK [2][-]{subsection.48.4}{Class Caracteristica}{section.48}
\BOOKMARK [3][-]{subsubsection.48.4.1}{Class Variables}{subsection.48.4}
\BOOKMARK [2][-]{subsection.48.5}{Class LineaBase}{section.48}
\BOOKMARK [3][-]{subsubsection.48.5.1}{Class Variables}{subsection.48.5}
\BOOKMARK [2][-]{subsection.48.6}{Class Item}{section.48}
\BOOKMARK [3][-]{subsubsection.48.6.1}{Class Variables}{subsection.48.6}
\BOOKMARK [2][-]{subsection.48.7}{Class Archivo}{section.48}
\BOOKMARK [3][-]{subsubsection.48.7.1}{Class Variables}{subsection.48.7}
\BOOKMARK [2][-]{subsection.48.8}{Class Item\137Archivo}{section.48}
\BOOKMARK [3][-]{subsubsection.48.8.1}{Class Variables}{subsection.48.8}
\BOOKMARK [2][-]{subsection.48.9}{Class Relacion}{section.48}
\BOOKMARK [3][-]{subsubsection.48.9.1}{Class Variables}{subsection.48.9}
\BOOKMARK [2][-]{subsection.48.10}{Class Revision}{section.48}
\BOOKMARK [3][-]{subsubsection.48.10.1}{Class Variables}{subsection.48.10}
\BOOKMARK [1][-]{section.49}{Module saip.model.auth}{}
\BOOKMARK [2][-]{subsection.49.1}{Class Ficha}{section.49}
\BOOKMARK [3][-]{subsubsection.49.1.1}{Methods}{subsection.49.1}
\BOOKMARK [3][-]{subsubsection.49.1.2}{Class Variables}{subsection.49.1}
\BOOKMARK [2][-]{subsection.49.2}{Class Rol}{section.49}
\BOOKMARK [3][-]{subsubsection.49.2.1}{Class Variables}{subsection.49.2}
\BOOKMARK [2][-]{subsection.49.3}{Class Usuario}{section.49}
\BOOKMARK [3][-]{subsubsection.49.3.1}{Methods}{subsection.49.3}
\BOOKMARK [3][-]{subsubsection.49.3.2}{Class Variables}{subsection.49.3}
\BOOKMARK [2][-]{subsection.49.4}{Class Permiso}{section.49}
\BOOKMARK [3][-]{subsubsection.49.4.1}{Class Variables}{subsection.49.4}
\BOOKMARK [1][-]{section.50}{Package saip.templates}{}
\BOOKMARK [2][-]{subsection.50.1}{Variables}{section.50}
\BOOKMARK [1][-]{section.51}{Package saip.tests}{}
\BOOKMARK [2][-]{subsection.51.1}{Modules}{section.51}
\BOOKMARK [2][-]{subsection.51.2}{Functions}{section.51}
\BOOKMARK [2][-]{subsection.51.3}{Variables}{section.51}
\BOOKMARK [2][-]{subsection.51.4}{Class TestController}{section.51}
\BOOKMARK [3][-]{subsubsection.51.4.1}{Methods}{subsection.51.4}
\BOOKMARK [3][-]{subsubsection.51.4.2}{Properties}{subsection.51.4}
\BOOKMARK [3][-]{subsubsection.51.4.3}{Class Variables}{subsection.51.4}
\BOOKMARK [1][-]{section.52}{Package saip.tests.models}{}
\BOOKMARK [2][-]{subsection.52.1}{Modules}{section.52}
\BOOKMARK [2][-]{subsection.52.2}{Class ModelTest}{section.52}
\BOOKMARK [3][-]{subsubsection.52.2.1}{Methods}{subsection.52.2}
\BOOKMARK [3][-]{subsubsection.52.2.2}{Properties}{subsection.52.2}
\BOOKMARK [3][-]{subsubsection.52.2.3}{Class Variables}{subsection.52.2}
\BOOKMARK [1][-]{section.53}{Module saip.tests.models.test\137proyecto}{}
\BOOKMARK [2][-]{subsection.53.1}{Class TestProyecto}{section.53}
\BOOKMARK [3][-]{subsubsection.53.1.1}{Methods}{subsection.53.1}
\BOOKMARK [3][-]{subsubsection.53.1.2}{Properties}{subsection.53.1}
\BOOKMARK [3][-]{subsubsection.53.1.3}{Class Variables}{subsection.53.1}
\BOOKMARK [1][-]{section.54}{Module saip.tests.models.test\137rol}{}
\BOOKMARK [2][-]{subsection.54.1}{Class TestRol}{section.54}
\BOOKMARK [3][-]{subsubsection.54.1.1}{Methods}{subsection.54.1}
\BOOKMARK [3][-]{subsubsection.54.1.2}{Properties}{subsection.54.1}
\BOOKMARK [3][-]{subsubsection.54.1.3}{Class Variables}{subsection.54.1}
\BOOKMARK [1][-]{section.55}{Module saip.tests.models.test\137usuario}{}
\BOOKMARK [2][-]{subsection.55.1}{Class TestUsuario}{section.55}
\BOOKMARK [3][-]{subsubsection.55.1.1}{Methods}{subsection.55.1}
\BOOKMARK [3][-]{subsubsection.55.1.2}{Properties}{subsection.55.1}
\BOOKMARK [3][-]{subsubsection.55.1.3}{Class Variables}{subsection.55.1}
\BOOKMARK [1][-]{section.56}{Package saip.websetup}{}
\BOOKMARK [2][-]{subsection.56.1}{Modules}{section.56}
\BOOKMARK [2][-]{subsection.56.2}{Functions}{section.56}
\BOOKMARK [1][-]{section.57}{Module saip.websetup.bootstrap}{}
\BOOKMARK [2][-]{subsection.57.1}{Functions}{section.57}
\BOOKMARK [1][-]{section.58}{Module saip.websetup.schema}{}
\BOOKMARK [2][-]{subsection.58.1}{Functions}{section.58}
\BOOKMARK [1][-]{section*.4}{Index}{}
